{"/home/travis/build/npmtest/node-npmtest-react-burger-menu/test.js":{"path":"/home/travis/build/npmtest/node-npmtest-react-burger-menu/test.js","s":{"1":2,"2":2,"3":2,"4":2,"5":2,"6":2,"7":2,"8":1,"9":2,"10":2,"11":1,"12":1,"13":1,"14":1,"15":2,"16":2,"17":2,"18":2,"19":1,"20":1,"21":2,"22":2,"23":2,"24":1,"25":1,"26":1,"27":1,"28":1,"29":1,"30":1,"31":1,"32":1,"33":1,"34":1,"35":1,"36":1,"37":1,"38":1,"39":2,"40":2,"41":1,"42":2,"43":2,"44":1,"45":2,"46":2,"47":1,"48":2,"49":2,"50":1,"51":1,"52":1,"53":1,"54":1},"b":{"1":[2,1,1,1],"2":[1,1,1,1],"3":[1,1],"4":[1,1],"5":[1,1],"6":[1,1],"7":[1,1],"8":[1,1],"9":[1,1],"10":[1,1,1],"11":[1,1],"12":[1,1],"13":[1,1],"14":[1,1],"15":[1,1],"16":[1,1],"17":[1,1]},"f":{"1":2,"2":2,"3":2,"4":2,"5":2,"6":1,"7":1,"8":1,"9":2,"10":2,"11":2,"12":2,"13":1},"fnMap":{"1":{"name":"(anonymous_1)","line":12,"loc":{"start":{"line":12,"column":1},"end":{"line":12,"column":13}}},"2":{"name":"(anonymous_2)","line":19,"loc":{"start":{"line":19,"column":5},"end":{"line":19,"column":17}}},"3":{"name":"(anonymous_3)","line":23,"loc":{"start":{"line":23,"column":24},"end":{"line":23,"column":36}}},"4":{"name":"(anonymous_4)","line":61,"loc":{"start":{"line":61,"column":5},"end":{"line":61,"column":17}}},"5":{"name":"(anonymous_5)","line":82,"loc":{"start":{"line":82,"column":5},"end":{"line":82,"column":17}}},"6":{"name":"(anonymous_6)","line":91,"loc":{"start":{"line":91,"column":77},"end":{"line":94,"column":10}}},"7":{"name":"(anonymous_7)","line":112,"loc":{"start":{"line":112,"column":83},"end":{"line":115,"column":10}},"skip":true},"8":{"name":"(anonymous_8)","line":123,"loc":{"start":{"line":123,"column":77},"end":{"line":126,"column":10}},"skip":true},"9":{"name":"(anonymous_9)","line":139,"loc":{"start":{"line":139,"column":12},"end":{"line":139,"column":40}},"skip":true},"10":{"name":"(anonymous_10)","line":147,"loc":{"start":{"line":147,"column":77},"end":{"line":150,"column":10}},"skip":true},"11":{"name":"(anonymous_11)","line":158,"loc":{"start":{"line":158,"column":83},"end":{"line":161,"column":10}},"skip":true},"12":{"name":"(anonymous_12)","line":169,"loc":{"start":{"line":169,"column":79},"end":{"line":172,"column":10}},"skip":true},"13":{"name":"(anonymous_13)","line":180,"loc":{"start":{"line":180,"column":75},"end":{"line":183,"column":10}},"skip":true}},"statementMap":{"1":{"start":{"line":12,"column":0},"end":{"line":195,"column":5}},"2":{"start":{"line":14,"column":4},"end":{"line":14,"column":14}},"3":{"start":{"line":19,"column":4},"end":{"line":56,"column":9}},"4":{"start":{"line":21,"column":8},"end":{"line":21,"column":19}},"5":{"start":{"line":23,"column":8},"end":{"line":35,"column":13}},"6":{"start":{"line":24,"column":12},"end":{"line":34,"column":13}},"7":{"start":{"line":25,"column":16},"end":{"line":28,"column":30}},"8":{"start":{"line":30,"column":16},"end":{"line":33,"column":27}},"9":{"start":{"line":37,"column":8},"end":{"line":39,"column":21}},"10":{"start":{"line":40,"column":8},"end":{"line":53,"column":9}},"11":{"start":{"line":43,"column":12},"end":{"line":46,"column":14}},"12":{"start":{"line":47,"column":12},"end":{"line":47,"column":18}},"13":{"start":{"line":50,"column":12},"end":{"line":51,"column":46}},"14":{"start":{"line":52,"column":12},"end":{"line":52,"column":18}},"15":{"start":{"line":55,"column":8},"end":{"line":55,"column":35}},"16":{"start":{"line":61,"column":4},"end":{"line":63,"column":9}},"17":{"start":{"line":62,"column":8},"end":{"line":62,"column":15}},"18":{"start":{"line":64,"column":4},"end":{"line":77,"column":5}},"19":{"start":{"line":70,"column":8},"end":{"line":70,"column":14}},"20":{"start":{"line":76,"column":8},"end":{"line":76,"column":14}},"21":{"start":{"line":82,"column":4},"end":{"line":84,"column":9}},"22":{"start":{"line":83,"column":8},"end":{"line":83,"column":15}},"23":{"start":{"line":85,"column":4},"end":{"line":194,"column":5}},"24":{"start":{"line":91,"column":8},"end":{"line":99,"column":10}},"25":{"start":{"line":98,"column":12},"end":{"line":98,"column":35}},"26":{"start":{"line":102,"column":8},"end":{"line":104,"column":63}},"27":{"start":{"line":105,"column":8},"end":{"line":105,"column":14}},"28":{"start":{"line":112,"column":8},"end":{"line":121,"column":10},"skip":true},"29":{"start":{"line":119,"column":12},"end":{"line":119,"column":55},"skip":true},"30":{"start":{"line":120,"column":12},"end":{"line":120,"column":48},"skip":true},"31":{"start":{"line":123,"column":8},"end":{"line":136,"column":10},"skip":true},"32":{"start":{"line":130,"column":12},"end":{"line":130,"column":76},"skip":true},"33":{"start":{"line":131,"column":12},"end":{"line":131,"column":73},"skip":true},"34":{"start":{"line":132,"column":12},"end":{"line":132,"column":74},"skip":true},"35":{"start":{"line":133,"column":12},"end":{"line":133,"column":79},"skip":true},"36":{"start":{"line":134,"column":12},"end":{"line":134,"column":25},"skip":true},"37":{"start":{"line":135,"column":12},"end":{"line":135,"column":45},"skip":true},"38":{"start":{"line":138,"column":8},"end":{"line":145,"column":14},"skip":true},"39":{"start":{"line":143,"column":16},"end":{"line":143,"column":29},"skip":true},"40":{"start":{"line":144,"column":16},"end":{"line":144,"column":55},"skip":true},"41":{"start":{"line":147,"column":8},"end":{"line":156,"column":10},"skip":true},"42":{"start":{"line":154,"column":12},"end":{"line":154,"column":25},"skip":true},"43":{"start":{"line":155,"column":12},"end":{"line":155,"column":45},"skip":true},"44":{"start":{"line":158,"column":8},"end":{"line":167,"column":10},"skip":true},"45":{"start":{"line":165,"column":12},"end":{"line":165,"column":25},"skip":true},"46":{"start":{"line":166,"column":12},"end":{"line":166,"column":48},"skip":true},"47":{"start":{"line":169,"column":8},"end":{"line":178,"column":10},"skip":true},"48":{"start":{"line":176,"column":12},"end":{"line":176,"column":25},"skip":true},"49":{"start":{"line":177,"column":12},"end":{"line":177,"column":46},"skip":true},"50":{"start":{"line":180,"column":8},"end":{"line":189,"column":10},"skip":true},"51":{"start":{"line":187,"column":12},"end":{"line":187,"column":94},"skip":true},"52":{"start":{"line":188,"column":12},"end":{"line":188,"column":48},"skip":true},"53":{"start":{"line":192,"column":8},"end":{"line":192,"column":35},"skip":true},"54":{"start":{"line":193,"column":8},"end":{"line":193,"column":14},"skip":true}},"branchMap":{"1":{"line":25,"type":"binary-expr","locations":[{"start":{"line":25,"column":23},"end":{"line":25,"column":62}},{"start":{"line":26,"column":20},"end":{"line":26,"column":70}},{"start":{"line":27,"column":20},"end":{"line":27,"column":71}},{"start":{"line":28,"column":20},"end":{"line":28,"column":29}}]},"2":{"line":30,"type":"binary-expr","locations":[{"start":{"line":30,"column":23},"end":{"line":30,"column":37}},{"start":{"line":31,"column":20},"end":{"line":31,"column":61}},{"start":{"line":32,"column":20},"end":{"line":32,"column":70}},{"start":{"line":33,"column":20},"end":{"line":33,"column":26}}]},"3":{"line":37,"type":"cond-expr","locations":[{"start":{"line":38,"column":14},"end":{"line":38,"column":20}},{"start":{"line":39,"column":14},"end":{"line":39,"column":20}}]},"4":{"line":40,"type":"switch","locations":[{"start":{"line":42,"column":8},"end":{"line":47,"column":18}},{"start":{"line":49,"column":8},"end":{"line":52,"column":18}}]},"5":{"line":44,"type":"binary-expr","locations":[{"start":{"line":44,"column":16},"end":{"line":44,"column":44}},{"start":{"line":44,"column":48},"end":{"line":44,"column":66}}]},"6":{"line":50,"type":"binary-expr","locations":[{"start":{"line":50,"column":21},"end":{"line":50,"column":49}},{"start":{"line":50,"column":53},"end":{"line":50,"column":72}}]},"7":{"line":64,"type":"switch","locations":[{"start":{"line":69,"column":4},"end":{"line":70,"column":14}},{"start":{"line":75,"column":4},"end":{"line":76,"column":14}}]},"8":{"line":85,"type":"switch","locations":[{"start":{"line":90,"column":4},"end":{"line":105,"column":14}},{"start":{"line":111,"column":4},"end":{"line":193,"column":14},"skip":true}]},"9":{"line":91,"type":"binary-expr","locations":[{"start":{"line":91,"column":42},"end":{"line":91,"column":73}},{"start":{"line":91,"column":77},"end":{"line":99,"column":9}}]},"10":{"line":102,"type":"binary-expr","locations":[{"start":{"line":102,"column":18},"end":{"line":102,"column":32}},{"start":{"line":103,"column":12},"end":{"line":103,"column":53}},{"start":{"line":104,"column":12},"end":{"line":104,"column":61}}]},"11":{"line":112,"type":"binary-expr","locations":[{"start":{"line":112,"column":45},"end":{"line":112,"column":79},"skip":true},{"start":{"line":112,"column":83},"end":{"line":121,"column":9},"skip":true}]},"12":{"line":123,"type":"binary-expr","locations":[{"start":{"line":123,"column":42},"end":{"line":123,"column":73},"skip":true},{"start":{"line":123,"column":77},"end":{"line":136,"column":9},"skip":true}]},"13":{"line":138,"type":"binary-expr","locations":[{"start":{"line":138,"column":48},"end":{"line":138,"column":85},"skip":true},{"start":{"line":139,"column":12},"end":{"line":145,"column":13},"skip":true}]},"14":{"line":147,"type":"binary-expr","locations":[{"start":{"line":147,"column":42},"end":{"line":147,"column":73},"skip":true},{"start":{"line":147,"column":77},"end":{"line":156,"column":9},"skip":true}]},"15":{"line":158,"type":"binary-expr","locations":[{"start":{"line":158,"column":45},"end":{"line":158,"column":79},"skip":true},{"start":{"line":158,"column":83},"end":{"line":167,"column":9},"skip":true}]},"16":{"line":169,"type":"binary-expr","locations":[{"start":{"line":169,"column":43},"end":{"line":169,"column":75},"skip":true},{"start":{"line":169,"column":79},"end":{"line":178,"column":9},"skip":true}]},"17":{"line":180,"type":"binary-expr","locations":[{"start":{"line":180,"column":41},"end":{"line":180,"column":71},"skip":true},{"start":{"line":180,"column":75},"end":{"line":189,"column":9},"skip":true}]}},"code":["/* istanbul instrument in package npmtest_react_burger_menu */","/*jslint","    bitwise: true,","    browser: true,","    maxerr: 8,","    maxlen: 96,","    node: true,","    nomen: true,","    regexp: true,","    stupid: true","*/","(function () {","    'use strict';","    var local;","","","","    // run shared js-env code - pre-init","    (function () {","        // init local","        local = {};","        // init modeJs","        local.modeJs = (function () {","            try {","                return typeof navigator.userAgent === 'string' &&","                    typeof document.querySelector('body') === 'object' &&","                    typeof XMLHttpRequest.prototype.open === 'function' &&","                    'browser';","            } catch (errorCaughtBrowser) {","                return module.exports &&","                    typeof process.versions.node === 'string' &&","                    typeof require('http').createServer === 'function' &&","                    'node';","            }","        }());","        // init global","        local.global = local.modeJs === 'browser'","            ? window","            : global;","        switch (local.modeJs) {","        // re-init local from window.local","        case 'browser':","            local = local.global.utility2.objectSetDefault(","                local.global.utility2_rollup || local.global.local,","                local.global.utility2","            );","            break;","        // re-init local from example.js","        case 'node':","            local = (local.global.utility2_rollup || require('utility2'))","                .requireExampleJsFromReadme();","            break;","        }","        // export local","        local.global.local = local;","    }());","","","","    // run shared js-env code - function","    (function () {","        return;","    }());","    switch (local.modeJs) {","","","","    // run browser js-env code - function","    case 'browser':","        break;","","","","    // run node js-env code - function","    case 'node':","        break;","    }","","","","    // run shared js-env code - post-init","    (function () {","        return;","    }());","    switch (local.modeJs) {","","","","    // run browser js-env code - post-init","    case 'browser':","        local.testCase_browser_nullCase = local.testCase_browser_nullCase || function (","            options,","            onError","        ) {","        /*","         * this function will test browsers's null-case handling-behavior-behavior","         */","            onError(null, options);","        };","","        // run tests","        local.nop(local.modeTest &&","            document.querySelector('#testRunButton1') &&","            document.querySelector('#testRunButton1').click());","        break;","","","","    // run node js-env code - post-init","    /* istanbul ignore next */","    case 'node':","        local.testCase_buildApidoc_default = local.testCase_buildApidoc_default || function (","            options,","            onError","        ) {","        /*","         * this function will test buildApidoc's default handling-behavior-behavior","         */","            options = { modulePathList: module.paths };","            local.buildApidoc(options, onError);","        };","","        local.testCase_buildApp_default = local.testCase_buildApp_default || function (","            options,","            onError","        ) {","        /*","         * this function will test buildApp's default handling-behavior-behavior","         */","            local.testCase_buildReadme_default(options, local.onErrorThrow);","            local.testCase_buildLib_default(options, local.onErrorThrow);","            local.testCase_buildTest_default(options, local.onErrorThrow);","            local.testCase_buildCustomOrg_default(options, local.onErrorThrow);","            options = [];","            local.buildApp(options, onError);","        };","","        local.testCase_buildCustomOrg_default = local.testCase_buildCustomOrg_default ||","            function (options, onError) {","            /*","             * this function will test buildCustomOrg's default handling-behavior","             */","                options = {};","                local.buildCustomOrg(options, onError);","            };","","        local.testCase_buildLib_default = local.testCase_buildLib_default || function (","            options,","            onError","        ) {","        /*","         * this function will test buildLib's default handling-behavior","         */","            options = {};","            local.buildLib(options, onError);","        };","","        local.testCase_buildReadme_default = local.testCase_buildReadme_default || function (","            options,","            onError","        ) {","        /*","         * this function will test buildReadme's default handling-behavior-behavior","         */","            options = {};","            local.buildReadme(options, onError);","        };","","        local.testCase_buildTest_default = local.testCase_buildTest_default || function (","            options,","            onError","        ) {","        /*","         * this function will test buildTest's default handling-behavior","         */","            options = {};","            local.buildTest(options, onError);","        };","","        local.testCase_webpage_default = local.testCase_webpage_default || function (","            options,","            onError","        ) {","        /*","         * this function will test webpage's default handling-behavior","         */","            options = { modeCoverageMerge: true, url: local.serverLocalHost + '?modeTest=1' };","            local.browserTest(options, onError);","        };","","        // run test-server","        local.testRunServer(local);","        break;","    }","}());",""],"l":{"12":2,"14":2,"19":2,"21":2,"23":2,"24":2,"25":2,"30":1,"37":2,"40":2,"43":1,"47":1,"50":1,"52":1,"55":2,"61":2,"62":2,"64":2,"70":1,"76":1,"82":2,"83":2,"85":2,"91":1,"98":1,"102":1,"105":1,"112":1,"119":1,"120":1,"123":1,"130":1,"131":1,"132":1,"133":1,"134":1,"135":1,"138":1,"143":2,"144":2,"147":1,"154":2,"155":2,"158":1,"165":2,"166":2,"169":1,"176":2,"177":2,"180":1,"187":1,"188":1,"192":1,"193":1}},"/home/travis/build/npmtest/node-npmtest-react-burger-menu/lib.npmtest_react_burger_menu.js":{"path":"/home/travis/build/npmtest/node-npmtest-react-burger-menu/lib.npmtest_react_burger_menu.js","s":{"1":2,"2":2,"3":2,"4":2,"5":2,"6":2,"7":2,"8":1,"9":2,"10":2,"11":2,"12":2,"13":1,"14":1,"15":1,"16":1},"b":{"1":[2,1,1,1],"2":[1,1,1,1],"3":[1,1],"4":[2,2],"5":[1,1]},"f":{"1":2,"2":2,"3":2},"fnMap":{"1":{"name":"(anonymous_1)","line":12,"loc":{"start":{"line":12,"column":1},"end":{"line":12,"column":13}}},"2":{"name":"(anonymous_2)","line":19,"loc":{"start":{"line":19,"column":5},"end":{"line":19,"column":17}}},"3":{"name":"(anonymous_3)","line":23,"loc":{"start":{"line":23,"column":24},"end":{"line":23,"column":36}}}},"statementMap":{"1":{"start":{"line":12,"column":0},"end":{"line":53,"column":5}},"2":{"start":{"line":14,"column":4},"end":{"line":14,"column":14}},"3":{"start":{"line":19,"column":4},"end":{"line":52,"column":9}},"4":{"start":{"line":21,"column":8},"end":{"line":21,"column":19}},"5":{"start":{"line":23,"column":8},"end":{"line":35,"column":13}},"6":{"start":{"line":24,"column":12},"end":{"line":34,"column":13}},"7":{"start":{"line":25,"column":16},"end":{"line":28,"column":30}},"8":{"start":{"line":30,"column":16},"end":{"line":33,"column":27}},"9":{"start":{"line":37,"column":8},"end":{"line":39,"column":21}},"10":{"start":{"line":41,"column":8},"end":{"line":41,"column":54}},"11":{"start":{"line":43,"column":8},"end":{"line":43,"column":62}},"12":{"start":{"line":45,"column":8},"end":{"line":51,"column":9}},"13":{"start":{"line":46,"column":12},"end":{"line":46,"column":68}},"14":{"start":{"line":48,"column":12},"end":{"line":48,"column":35}},"15":{"start":{"line":49,"column":12},"end":{"line":49,"column":49}},"16":{"start":{"line":50,"column":12},"end":{"line":50,"column":43}}},"branchMap":{"1":{"line":25,"type":"binary-expr","locations":[{"start":{"line":25,"column":23},"end":{"line":25,"column":62}},{"start":{"line":26,"column":20},"end":{"line":26,"column":70}},{"start":{"line":27,"column":20},"end":{"line":27,"column":71}},{"start":{"line":28,"column":20},"end":{"line":28,"column":29}}]},"2":{"line":30,"type":"binary-expr","locations":[{"start":{"line":30,"column":23},"end":{"line":30,"column":37}},{"start":{"line":31,"column":20},"end":{"line":31,"column":61}},{"start":{"line":32,"column":20},"end":{"line":32,"column":70}},{"start":{"line":33,"column":20},"end":{"line":33,"column":26}}]},"3":{"line":37,"type":"cond-expr","locations":[{"start":{"line":38,"column":14},"end":{"line":38,"column":20}},{"start":{"line":39,"column":14},"end":{"line":39,"column":20}}]},"4":{"line":41,"type":"binary-expr","locations":[{"start":{"line":41,"column":16},"end":{"line":41,"column":44}},{"start":{"line":41,"column":48},"end":{"line":41,"column":53}}]},"5":{"line":45,"type":"if","locations":[{"start":{"line":45,"column":8},"end":{"line":45,"column":8}},{"start":{"line":45,"column":8},"end":{"line":45,"column":8}}]}},"code":["/* istanbul instrument in package npmtest_react_burger_menu */","/*jslint","    bitwise: true,","    browser: true,","    maxerr: 8,","    maxlen: 96,","    node: true,","    nomen: true,","    regexp: true,","    stupid: true","*/","(function () {","    'use strict';","    var local;","","","","    // run shared js-env code - pre-init","    (function () {","        // init local","        local = {};","        // init modeJs","        local.modeJs = (function () {","            try {","                return typeof navigator.userAgent === 'string' &&","                    typeof document.querySelector('body') === 'object' &&","                    typeof XMLHttpRequest.prototype.open === 'function' &&","                    'browser';","            } catch (errorCaughtBrowser) {","                return module.exports &&","                    typeof process.versions.node === 'string' &&","                    typeof require('http').createServer === 'function' &&","                    'node';","            }","        }());","        // init global","        local.global = local.modeJs === 'browser'","            ? window","            : global;","        // init utility2_rollup","        local = local.global.utility2_rollup || local;","        // init lib","        local.local = local.npmtest_react_burger_menu = local;","        // init exports","        if (local.modeJs === 'browser') {","            local.global.utility2_npmtest_react_burger_menu = local;","        } else {","            module.exports = local;","            module.exports.__dirname = __dirname;","            module.exports.module = module;","        }","    }());","}());",""],"l":{"12":2,"14":2,"19":2,"21":2,"23":2,"24":2,"25":2,"30":1,"37":2,"41":2,"43":2,"45":2,"46":1,"48":1,"49":1,"50":1}},"/home/travis/build/npmtest/node-npmtest-react-burger-menu/example.js":{"path":"/home/travis/build/npmtest/node-npmtest-react-burger-menu/example.js","s":{"1":2,"2":2,"3":2,"4":2,"5":2,"6":2,"7":2,"8":1,"9":2,"10":2,"11":2,"12":2,"13":1,"14":2,"15":2,"16":2,"17":2,"18":2,"19":0,"20":2,"21":1,"22":1,"23":1,"24":1,"25":1,"26":0,"27":0,"28":1,"29":1,"30":2,"31":0,"32":0,"33":0,"34":1,"35":2,"36":2,"37":3,"38":3,"39":3,"40":3,"41":0,"42":3,"43":3,"44":3,"45":1,"46":3,"47":1,"48":1,"49":1,"50":1,"51":1,"52":1,"53":1,"54":1,"55":1,"56":1,"57":0,"58":1,"59":6,"60":6,"61":1,"62":2,"63":0,"64":2,"65":1,"66":1,"67":0,"68":0,"69":0,"70":0,"71":0,"72":0,"73":0,"74":0,"75":0,"76":0,"77":0,"78":0,"79":0,"80":0,"81":0,"82":0,"83":0},"b":{"1":[2,1,1,1],"2":[1,1,1,1],"3":[1,1],"4":[2,2],"5":[1,1],"6":[1,1],"7":[2,0],"8":[2,1,1,1,1,1],"9":[0,2,0],"10":[1,1],"11":[2,1,1],"12":[1,0],"13":[0,2],"14":[2,0,0,0,0,0,0],"15":[0,3],"16":[3,0],"17":[1,1],"18":[0,1],"19":[1,2,0,2],"20":[1,0],"21":[1,1],"22":[0,0],"23":[0,0],"24":[0,0],"25":[0,0],"26":[0,0],"27":[0,0],"28":[0,0]},"f":{"1":2,"2":2,"3":2,"4":2,"5":2,"6":2,"7":3,"8":3,"9":3,"10":1,"11":6,"12":0},"fnMap":{"1":{"name":"(anonymous_1)","line":26,"loc":{"start":{"line":26,"column":1},"end":{"line":26,"column":13}}},"2":{"name":"(anonymous_2)","line":33,"loc":{"start":{"line":33,"column":5},"end":{"line":33,"column":17}}},"3":{"name":"(anonymous_3)","line":37,"loc":{"start":{"line":37,"column":24},"end":{"line":37,"column":36}}},"4":{"name":"(anonymous_4)","line":69,"loc":{"start":{"line":69,"column":31},"end":{"line":69,"column":48}},"skip":true},"5":{"name":"(anonymous_5)","line":78,"loc":{"start":{"line":78,"column":26},"end":{"line":78,"column":45}},"skip":true},"6":{"name":"(anonymous_6)","line":123,"loc":{"start":{"line":123,"column":33},"end":{"line":123,"column":48}},"skip":true},"7":{"name":"(anonymous_7)","line":125,"loc":{"start":{"line":125,"column":27},"end":{"line":125,"column":39}},"skip":true},"8":{"name":"(anonymous_8)","line":133,"loc":{"start":{"line":133,"column":59},"end":{"line":133,"column":74}},"skip":true},"9":{"name":"(anonymous_9)","line":143,"loc":{"start":{"line":143,"column":45},"end":{"line":143,"column":62}},"skip":true},"10":{"name":"(anonymous_10)","line":144,"loc":{"start":{"line":144,"column":73},"end":{"line":144,"column":92}},"skip":true},"11":{"name":"(anonymous_11)","line":272,"loc":{"start":{"line":272,"column":51},"end":{"line":272,"column":77}},"skip":true},"12":{"name":"(anonymous_12)","line":315,"loc":{"start":{"line":315,"column":32},"end":{"line":315,"column":61}},"skip":true}},"statementMap":{"1":{"start":{"line":26,"column":0},"end":{"line":326,"column":5}},"2":{"start":{"line":28,"column":4},"end":{"line":28,"column":14}},"3":{"start":{"line":33,"column":4},"end":{"line":60,"column":9}},"4":{"start":{"line":35,"column":8},"end":{"line":35,"column":19}},"5":{"start":{"line":37,"column":8},"end":{"line":49,"column":13}},"6":{"start":{"line":38,"column":12},"end":{"line":48,"column":13}},"7":{"start":{"line":39,"column":16},"end":{"line":42,"column":30}},"8":{"start":{"line":44,"column":16},"end":{"line":47,"column":27}},"9":{"start":{"line":51,"column":8},"end":{"line":53,"column":21}},"10":{"start":{"line":55,"column":8},"end":{"line":57,"column":45}},"11":{"start":{"line":59,"column":8},"end":{"line":59,"column":35}},"12":{"start":{"line":61,"column":4},"end":{"line":325,"column":5}},"13":{"start":{"line":69,"column":8},"end":{"line":121,"column":10},"skip":true},"14":{"start":{"line":70,"column":12},"end":{"line":88,"column":13},"skip":true},"15":{"start":{"line":76,"column":16},"end":{"line":87,"column":19},"skip":true},"16":{"start":{"line":79,"column":20},"end":{"line":86,"column":21},"skip":true},"17":{"start":{"line":82,"column":24},"end":{"line":82,"column":43},"skip":true},"18":{"start":{"line":83,"column":24},"end":{"line":83,"column":30},"skip":true},"19":{"start":{"line":85,"column":24},"end":{"line":85,"column":49},"skip":true},"20":{"start":{"line":89,"column":12},"end":{"line":107,"column":13},"skip":true},"21":{"start":{"line":92,"column":16},"end":{"line":102,"column":17},"skip":true},"22":{"start":{"line":93,"column":20},"end":{"line":93,"column":86},"skip":true},"23":{"start":{"line":94,"column":20},"end":{"line":95,"column":45},"skip":true},"24":{"start":{"line":96,"column":20},"end":{"line":96,"column":42},"skip":true},"25":{"start":{"line":97,"column":20},"end":{"line":97,"column":48},"skip":true},"26":{"start":{"line":100,"column":20},"end":{"line":100,"column":85},"skip":true},"27":{"start":{"line":101,"column":20},"end":{"line":101,"column":96},"skip":true},"28":{"start":{"line":103,"column":16},"end":{"line":103,"column":22},"skip":true},"29":{"start":{"line":106,"column":16},"end":{"line":106,"column":22},"skip":true},"30":{"start":{"line":108,"column":12},"end":{"line":120,"column":13},"skip":true},"31":{"start":{"line":114,"column":16},"end":{"line":119,"column":17},"skip":true},"32":{"start":{"line":116,"column":20},"end":{"line":116,"column":78},"skip":true},"33":{"start":{"line":118,"column":20},"end":{"line":118,"column":47},"skip":true},"34":{"start":{"line":123,"column":8},"end":{"line":141,"column":11},"skip":true},"35":{"start":{"line":124,"column":12},"end":{"line":124,"column":54},"skip":true},"36":{"start":{"line":125,"column":12},"end":{"line":140,"column":14},"skip":true},"37":{"start":{"line":126,"column":16},"end":{"line":126,"column":28},"skip":true},"38":{"start":{"line":127,"column":16},"end":{"line":127,"column":69},"skip":true},"39":{"start":{"line":128,"column":16},"end":{"line":128,"column":75},"skip":true},"40":{"start":{"line":129,"column":16},"end":{"line":131,"column":17},"skip":true},"41":{"start":{"line":130,"column":20},"end":{"line":130,"column":27},"skip":true},"42":{"start":{"line":133,"column":16},"end":{"line":137,"column":36},"skip":true},"43":{"start":{"line":134,"column":20},"end":{"line":136,"column":55},"skip":true},"44":{"start":{"line":139,"column":16},"end":{"line":139,"column":57},"skip":true},"45":{"start":{"line":143,"column":8},"end":{"line":147,"column":11},"skip":true},"46":{"start":{"line":144,"column":12},"end":{"line":146,"column":15},"skip":true},"47":{"start":{"line":145,"column":16},"end":{"line":145,"column":70},"skip":true},"48":{"start":{"line":149,"column":8},"end":{"line":149,"column":31},"skip":true},"49":{"start":{"line":150,"column":8},"end":{"line":150,"column":14},"skip":true},"50":{"start":{"line":158,"column":8},"end":{"line":158,"column":31},"skip":true},"51":{"start":{"line":160,"column":8},"end":{"line":160,"column":33},"skip":true},"52":{"start":{"line":161,"column":8},"end":{"line":161,"column":37},"skip":true},"53":{"start":{"line":162,"column":8},"end":{"line":162,"column":35},"skip":true},"54":{"start":{"line":164,"column":8},"end":{"line":164,"column":50},"skip":true},"55":{"start":{"line":166,"column":8},"end":{"line":256,"column":2},"skip":true},"56":{"start":{"line":258,"column":8},"end":{"line":286,"column":9},"skip":true},"57":{"start":{"line":259,"column":12},"end":{"line":269,"column":14},"skip":true},"58":{"start":{"line":271,"column":12},"end":{"line":285,"column":19},"skip":true},"59":{"start":{"line":274,"column":20},"end":{"line":274,"column":35},"skip":true},"60":{"start":{"line":275,"column":20},"end":{"line":284,"column":21},"skip":true},"61":{"start":{"line":277,"column":24},"end":{"line":277,"column":64},"skip":true},"62":{"start":{"line":279,"column":24},"end":{"line":279,"column":40},"skip":true},"63":{"start":{"line":281,"column":24},"end":{"line":281,"column":40},"skip":true},"64":{"start":{"line":283,"column":24},"end":{"line":283,"column":39},"skip":true},"65":{"start":{"line":288,"column":8},"end":{"line":290,"column":9},"skip":true},"66":{"start":{"line":289,"column":12},"end":{"line":289,"column":18},"skip":true},"67":{"start":{"line":291,"column":8},"end":{"line":293,"column":54},"skip":true},"68":{"start":{"line":296,"column":8},"end":{"line":301,"column":37},"skip":true},"69":{"start":{"line":303,"column":8},"end":{"line":303,"column":82},"skip":true},"70":{"start":{"line":306,"column":8},"end":{"line":308,"column":9},"skip":true},"71":{"start":{"line":307,"column":12},"end":{"line":307,"column":82},"skip":true},"72":{"start":{"line":310,"column":8},"end":{"line":312,"column":9},"skip":true},"73":{"start":{"line":311,"column":12},"end":{"line":311,"column":18},"skip":true},"74":{"start":{"line":313,"column":8},"end":{"line":313,"column":54},"skip":true},"75":{"start":{"line":314,"column":8},"end":{"line":314,"column":69},"skip":true},"76":{"start":{"line":315,"column":8},"end":{"line":323,"column":36},"skip":true},"77":{"start":{"line":316,"column":12},"end":{"line":316,"column":61},"skip":true},"78":{"start":{"line":317,"column":12},"end":{"line":320,"column":13},"skip":true},"79":{"start":{"line":318,"column":16},"end":{"line":318,"column":75},"skip":true},"80":{"start":{"line":319,"column":16},"end":{"line":319,"column":23},"skip":true},"81":{"start":{"line":321,"column":12},"end":{"line":321,"column":38},"skip":true},"82":{"start":{"line":322,"column":12},"end":{"line":322,"column":27},"skip":true},"83":{"start":{"line":324,"column":8},"end":{"line":324,"column":14},"skip":true}},"branchMap":{"1":{"line":39,"type":"binary-expr","locations":[{"start":{"line":39,"column":23},"end":{"line":39,"column":62}},{"start":{"line":40,"column":20},"end":{"line":40,"column":70}},{"start":{"line":41,"column":20},"end":{"line":41,"column":71}},{"start":{"line":42,"column":20},"end":{"line":42,"column":29}}]},"2":{"line":44,"type":"binary-expr","locations":[{"start":{"line":44,"column":23},"end":{"line":44,"column":37}},{"start":{"line":45,"column":20},"end":{"line":45,"column":61}},{"start":{"line":46,"column":20},"end":{"line":46,"column":70}},{"start":{"line":47,"column":20},"end":{"line":47,"column":26}}]},"3":{"line":51,"type":"cond-expr","locations":[{"start":{"line":52,"column":14},"end":{"line":52,"column":20}},{"start":{"line":53,"column":14},"end":{"line":53,"column":20}}]},"4":{"line":55,"type":"binary-expr","locations":[{"start":{"line":55,"column":16},"end":{"line":55,"column":44}},{"start":{"line":55,"column":49},"end":{"line":57,"column":43}}]},"5":{"line":55,"type":"cond-expr","locations":[{"start":{"line":56,"column":14},"end":{"line":56,"column":61}},{"start":{"line":57,"column":14},"end":{"line":57,"column":43}}]},"6":{"line":61,"type":"switch","locations":[{"start":{"line":68,"column":4},"end":{"line":150,"column":14},"skip":true},{"start":{"line":156,"column":4},"end":{"line":324,"column":14},"skip":true}]},"7":{"line":70,"type":"if","locations":[{"start":{"line":70,"column":12},"end":{"line":70,"column":12},"skip":true},{"start":{"line":70,"column":12},"end":{"line":70,"column":12},"skip":true}]},"8":{"line":70,"type":"binary-expr","locations":[{"start":{"line":70,"column":16},"end":{"line":70,"column":22},"skip":true},{"start":{"line":70,"column":27},"end":{"line":70,"column":32},"skip":true},{"start":{"line":71,"column":20},"end":{"line":71,"column":39},"skip":true},{"start":{"line":72,"column":20},"end":{"line":72,"column":49},"skip":true},{"start":{"line":73,"column":20},"end":{"line":73,"column":58},"skip":true},{"start":{"line":74,"column":20},"end":{"line":74,"column":69},"skip":true}]},"9":{"line":79,"type":"switch","locations":[{"start":{"line":80,"column":20},"end":{"line":80,"column":33},"skip":true},{"start":{"line":81,"column":20},"end":{"line":83,"column":30},"skip":true},{"start":{"line":84,"column":20},"end":{"line":85,"column":49},"skip":true}]},"10":{"line":89,"type":"switch","locations":[{"start":{"line":90,"column":12},"end":{"line":103,"column":22},"skip":true},{"start":{"line":105,"column":12},"end":{"line":106,"column":22},"skip":true}]},"11":{"line":89,"type":"binary-expr","locations":[{"start":{"line":89,"column":20},"end":{"line":89,"column":25},"skip":true},{"start":{"line":89,"column":29},"end":{"line":89,"column":48},"skip":true},{"start":{"line":89,"column":52},"end":{"line":89,"column":74},"skip":true}]},"12":{"line":92,"type":"if","locations":[{"start":{"line":92,"column":16},"end":{"line":92,"column":16},"skip":true},{"start":{"line":92,"column":16},"end":{"line":92,"column":16},"skip":true}]},"13":{"line":108,"type":"if","locations":[{"start":{"line":108,"column":12},"end":{"line":108,"column":12},"skip":true},{"start":{"line":108,"column":12},"end":{"line":108,"column":12},"skip":true}]},"14":{"line":108,"type":"binary-expr","locations":[{"start":{"line":108,"column":16},"end":{"line":108,"column":61},"skip":true},{"start":{"line":108,"column":66},"end":{"line":108,"column":72},"skip":true},{"start":{"line":108,"column":77},"end":{"line":108,"column":82},"skip":true},{"start":{"line":109,"column":20},"end":{"line":109,"column":39},"skip":true},{"start":{"line":110,"column":20},"end":{"line":110,"column":49},"skip":true},{"start":{"line":111,"column":20},"end":{"line":111,"column":58},"skip":true},{"start":{"line":112,"column":20},"end":{"line":112,"column":68},"skip":true}]},"15":{"line":129,"type":"if","locations":[{"start":{"line":129,"column":16},"end":{"line":129,"column":16},"skip":true},{"start":{"line":129,"column":16},"end":{"line":129,"column":16},"skip":true}]},"16":{"line":134,"type":"cond-expr","locations":[{"start":{"line":135,"column":26},"end":{"line":135,"column":29},"skip":true},{"start":{"line":136,"column":26},"end":{"line":136,"column":54},"skip":true}]},"17":{"line":164,"type":"binary-expr","locations":[{"start":{"line":164,"column":27},"end":{"line":164,"column":43},"skip":true},{"start":{"line":164,"column":47},"end":{"line":164,"column":49},"skip":true}]},"18":{"line":258,"type":"if","locations":[{"start":{"line":258,"column":8},"end":{"line":258,"column":8},"skip":true},{"start":{"line":258,"column":8},"end":{"line":258,"column":8},"skip":true}]},"19":{"line":275,"type":"switch","locations":[{"start":{"line":276,"column":20},"end":{"line":277,"column":64},"skip":true},{"start":{"line":278,"column":20},"end":{"line":279,"column":40},"skip":true},{"start":{"line":280,"column":20},"end":{"line":281,"column":40},"skip":true},{"start":{"line":282,"column":20},"end":{"line":283,"column":39},"skip":true}]},"20":{"line":288,"type":"if","locations":[{"start":{"line":288,"column":8},"end":{"line":288,"column":8},"skip":true},{"start":{"line":288,"column":8},"end":{"line":288,"column":8},"skip":true}]},"21":{"line":288,"type":"binary-expr","locations":[{"start":{"line":288,"column":12},"end":{"line":288,"column":40},"skip":true},{"start":{"line":288,"column":44},"end":{"line":288,"column":67},"skip":true}]},"22":{"line":292,"type":"binary-expr","locations":[{"start":{"line":292,"column":12},"end":{"line":292,"column":50},"skip":true},{"start":{"line":293,"column":12},"end":{"line":293,"column":53},"skip":true}]},"23":{"line":297,"type":"binary-expr","locations":[{"start":{"line":297,"column":12},"end":{"line":297,"column":75},"skip":true},{"start":{"line":298,"column":12},"end":{"line":301,"column":36},"skip":true}]},"24":{"line":303,"type":"binary-expr","locations":[{"start":{"line":303,"column":43},"end":{"line":303,"column":75},"skip":true},{"start":{"line":303,"column":79},"end":{"line":303,"column":81},"skip":true}]},"25":{"line":306,"type":"if","locations":[{"start":{"line":306,"column":8},"end":{"line":306,"column":8},"skip":true},{"start":{"line":306,"column":8},"end":{"line":306,"column":8},"skip":true}]},"26":{"line":310,"type":"if","locations":[{"start":{"line":310,"column":8},"end":{"line":310,"column":8},"skip":true},{"start":{"line":310,"column":8},"end":{"line":310,"column":8},"skip":true}]},"27":{"line":313,"type":"binary-expr","locations":[{"start":{"line":313,"column":27},"end":{"line":313,"column":43},"skip":true},{"start":{"line":313,"column":47},"end":{"line":313,"column":53},"skip":true}]},"28":{"line":317,"type":"if","locations":[{"start":{"line":317,"column":12},"end":{"line":317,"column":12},"skip":true},{"start":{"line":317,"column":12},"end":{"line":317,"column":12},"skip":true}]}},"code":["/*","example.js","","quickstart example","","instruction","    1. save this script as example.js","    2. run the shell command:","        $ npm install npmtest-react-burger-menu && PORT=8081 node example.js","    3. play with the browser-demo on http://127.0.0.1:8081","*/","","","","/* istanbul instrument in package npmtest_react_burger_menu */","/*jslint","    bitwise: true,","    browser: true,","    maxerr: 8,","    maxlen: 96,","    node: true,","    nomen: true,","    regexp: true,","    stupid: true","*/","(function () {","    'use strict';","    var local;","","","","    // run shared js-env code - pre-init","    (function () {","        // init local","        local = {};","        // init modeJs","        local.modeJs = (function () {","            try {","                return typeof navigator.userAgent === 'string' &&","                    typeof document.querySelector('body') === 'object' &&","                    typeof XMLHttpRequest.prototype.open === 'function' &&","                    'browser';","            } catch (errorCaughtBrowser) {","                return module.exports &&","                    typeof process.versions.node === 'string' &&","                    typeof require('http').createServer === 'function' &&","                    'node';","            }","        }());","        // init global","        local.global = local.modeJs === 'browser'","            ? window","            : global;","        // init utility2_rollup","        local = local.global.utility2_rollup || (local.modeJs === 'browser'","            ? local.global.utility2_npmtest_react_burger_menu","            : global.utility2_moduleExports);","        // export local","        local.global.local = local;","    }());","    switch (local.modeJs) {","","","","    // post-init","    // run browser js-env code - post-init","    /* istanbul ignore next */","    case 'browser':","        local.testRunBrowser = function (event) {","            if (!event || (event &&","                    event.currentTarget &&","                    event.currentTarget.className &&","                    event.currentTarget.className.includes &&","                    event.currentTarget.className.includes('onreset'))) {","                // reset output","                Array.from(","                    document.querySelectorAll('body > .resettable')","                ).forEach(function (element) {","                    switch (element.tagName) {","                    case 'INPUT':","                    case 'TEXTAREA':","                        element.value = '';","                        break;","                    default:","                        element.textContent = '';","                    }","                });","            }","            switch (event && event.currentTarget && event.currentTarget.id) {","            case 'testRunButton1':","                // show tests","                if (document.querySelector('#testReportDiv1').style.display === 'none') {","                    document.querySelector('#testReportDiv1').style.display = 'block';","                    document.querySelector('#testRunButton1').textContent =","                        'hide internal test';","                    local.modeTest = true;","                    local.testRunDefault(local);","                // hide tests","                } else {","                    document.querySelector('#testReportDiv1').style.display = 'none';","                    document.querySelector('#testRunButton1').textContent = 'run internal test';","                }","                break;","            // custom-case","            default:","                break;","            }","            if (document.querySelector('#inputTextareaEval1') && (!event || (event &&","                    event.currentTarget &&","                    event.currentTarget.className &&","                    event.currentTarget.className.includes &&","                    event.currentTarget.className.includes('oneval')))) {","                // try to eval input-code","                try {","                    /*jslint evil: true*/","                    eval(document.querySelector('#inputTextareaEval1').value);","                } catch (errorCaught) {","                    console.error(errorCaught);","                }","            }","        };","        // log stderr and stdout to #outputTextareaStdout1","        ['error', 'log'].forEach(function (key) {","            console[key + '_original'] = console[key];","            console[key] = function () {","                var element;","                console[key + '_original'].apply(console, arguments);","                element = document.querySelector('#outputTextareaStdout1');","                if (!element) {","                    return;","                }","                // append text to #outputTextareaStdout1","                element.value += Array.from(arguments).map(function (arg) {","                    return typeof arg === 'string'","                        ? arg","                        : JSON.stringify(arg, null, 4);","                }).join(' ') + '\\n';","                // scroll textarea to bottom","                element.scrollTop = element.scrollHeight;","            };","        });","        // init event-handling","        ['change', 'click', 'keyup'].forEach(function (event) {","            Array.from(document.querySelectorAll('.on' + event)).forEach(function (element) {","                element.addEventListener(event, local.testRunBrowser);","            });","        });","        // run tests","        local.testRunBrowser();","        break;","","","","    // run node js-env code - post-init","    /* istanbul ignore next */","    case 'node':","        // export local","        module.exports = local;","        // require modules","        local.fs = require('fs');","        local.http = require('http');","        local.url = require('url');","        // init assets","        local.assetsDict = local.assetsDict || {};","        /* jslint-ignore-begin */","        local.assetsDict['/assets.index.template.html'] = '\\","<!doctype html>\\n\\","<html lang=\"en\">\\n\\","<head>\\n\\","<meta charset=\"UTF-8\">\\n\\","<meta name=\"viewport\" content=\"width=device-width, initial-scale=1\">\\n\\","<title>{{env.npm_package_name}} (v{{env.npm_package_version}})</title>\\n\\","<style>\\n\\","/*csslint\\n\\","    box-sizing: false,\\n\\","    universal-selector: false\\n\\","*/\\n\\","* {\\n\\","    box-sizing: border-box;\\n\\","}\\n\\","body {\\n\\","    background: #dde;\\n\\","    font-family: Arial, Helvetica, sans-serif;\\n\\","    margin: 2rem;\\n\\","}\\n\\","body > * {\\n\\","    margin-bottom: 1rem;\\n\\","}\\n\\",".utility2FooterDiv {\\n\\","    margin-top: 20px;\\n\\","    text-align: center;\\n\\","}\\n\\","</style>\\n\\","<style>\\n\\","/*csslint\\n\\","*/\\n\\","textarea {\\n\\","    font-family: monospace;\\n\\","    height: 10rem;\\n\\","    width: 100%;\\n\\","}\\n\\","textarea[readonly] {\\n\\","    background: #ddd;\\n\\","}\\n\\","</style>\\n\\","</head>\\n\\","<body>\\n\\","<!-- utility2-comment\\n\\","<div id=\"ajaxProgressDiv1\" style=\"background: #d00; height: 2px; left: 0; margin: 0; padding: 0; position: fixed; top: 0; transition: background 0.5s, width 1.5s; width: 25%;\"></div>\\n\\","utility2-comment -->\\n\\","<h1>\\n\\","<!-- utility2-comment\\n\\","    <a\\n\\","        {{#if env.npm_package_homepage}}\\n\\","        href=\"{{env.npm_package_homepage}}\"\\n\\","        {{/if env.npm_package_homepage}}\\n\\","        target=\"_blank\"\\n\\","    >\\n\\","utility2-comment -->\\n\\","        {{env.npm_package_name}} (v{{env.npm_package_version}})\\n\\","<!-- utility2-comment\\n\\","    </a>\\n\\","utility2-comment -->\\n\\","</h1>\\n\\","<h3>{{env.npm_package_description}}</h3>\\n\\","<!-- utility2-comment\\n\\","<h4><a download href=\"assets.app.js\">download standalone app</a></h4>\\n\\","<button class=\"onclick onreset\" id=\"testRunButton1\">run internal test</button><br>\\n\\","<div id=\"testReportDiv1\" style=\"display: none;\"></div>\\n\\","utility2-comment -->\\n\\","\\n\\","\\n\\","\\n\\","<label>stderr and stdout</label>\\n\\","<textarea class=\"resettable\" id=\"outputTextareaStdout1\" readonly></textarea>\\n\\","<!-- utility2-comment\\n\\","{{#if isRollup}}\\n\\","<script src=\"assets.app.js\"></script>\\n\\","{{#unless isRollup}}\\n\\","utility2-comment -->\\n\\","<script src=\"assets.utility2.rollup.js\"></script>\\n\\","<script src=\"jsonp.utility2._stateInit?callback=window.utility2._stateInit\"></script>\\n\\","<script src=\"assets.npmtest_react_burger_menu.rollup.js\"></script>\\n\\","<script src=\"assets.example.js\"></script>\\n\\","<script src=\"assets.test.js\"></script>\\n\\","<!-- utility2-comment\\n\\","{{/if isRollup}}\\n\\","utility2-comment -->\\n\\","<div class=\"utility2FooterDiv\">\\n\\","    [ this app was created with\\n\\","    <a href=\"https://github.com/kaizhu256/node-utility2\" target=\"_blank\">utility2</a>\\n\\","    ]\\n\\","</div>\\n\\","</body>\\n\\","</html>\\n\\","';","        /* jslint-ignore-end */","        if (local.templateRender) {","            local.assetsDict['/'] = local.templateRender(","                local.assetsDict['/assets.index.template.html'],","                {","                    env: local.objectSetDefault(local.env, {","                        npm_package_description: 'the greatest app in the world!',","                        npm_package_name: 'my-app',","                        npm_package_nameAlias: 'my_app',","                        npm_package_version: '0.0.1'","                    })","                }","            );","        } else {","            local.assetsDict['/'] = local.assetsDict['/assets.index.template.html']","                .replace((/\\{\\{env\\.(\\w+?)\\}\\}/g), function (match0, match1) {","                    // jslint-hack","                    String(match0);","                    switch (match1) {","                    case 'npm_package_description':","                        return 'the greatest app in the world!';","                    case 'npm_package_name':","                        return 'my-app';","                    case 'npm_package_nameAlias':","                        return 'my_app';","                    case 'npm_package_version':","                        return '0.0.1';","                    }","                });","        }","        // run the cli","        if (local.global.utility2_rollup || module !== require.main) {","            break;","        }","        local.assetsDict['/assets.example.js'] =","            local.assetsDict['/assets.example.js'] ||","            local.fs.readFileSync(__filename, 'utf8');","        // bug-workaround - long $npm_package_buildCustomOrg","        /* jslint-ignore-begin */","        local.assetsDict['/assets.npmtest_react_burger_menu.rollup.js'] =","            local.assetsDict['/assets.npmtest_react_burger_menu.rollup.js'] ||","            local.fs.readFileSync(","                local.npmtest_react_burger_menu.__dirname + '/lib.npmtest_react_burger_menu.js',","                'utf8'","            ).replace((/^#!/), '//');","        /* jslint-ignore-end */","        local.assetsDict['/favicon.ico'] = local.assetsDict['/favicon.ico'] || '';","        // if $npm_config_timeout_exit exists,","        // then exit this process after $npm_config_timeout_exit ms","        if (Number(process.env.npm_config_timeout_exit)) {","            setTimeout(process.exit, Number(process.env.npm_config_timeout_exit));","        }","        // start server","        if (local.global.utility2_serverHttp1) {","            break;","        }","        process.env.PORT = process.env.PORT || '8081';","        console.error('server starting on port ' + process.env.PORT);","        local.http.createServer(function (request, response) {","            request.urlParsed = local.url.parse(request.url);","            if (local.assetsDict[request.urlParsed.pathname] !== undefined) {","                response.end(local.assetsDict[request.urlParsed.pathname]);","                return;","            }","            response.statusCode = 404;","            response.end();","        }).listen(process.env.PORT);","        break;","    }","}());",""],"l":{"26":2,"28":2,"33":2,"35":2,"37":2,"38":2,"39":2,"44":1,"51":2,"55":2,"59":2,"61":2,"69":1,"70":2,"76":2,"79":2,"82":2,"83":2,"85":1,"89":2,"92":1,"93":1,"94":1,"96":1,"97":1,"100":1,"101":1,"103":1,"106":1,"108":2,"114":1,"116":1,"118":1,"123":1,"124":2,"125":2,"126":3,"127":3,"128":3,"129":3,"130":1,"133":3,"134":3,"139":3,"143":1,"144":3,"145":1,"149":1,"150":1,"158":1,"160":1,"161":1,"162":1,"164":1,"166":1,"258":1,"259":1,"271":1,"274":6,"275":6,"277":1,"279":2,"281":1,"283":2,"288":1,"289":1,"291":1,"296":1,"303":1,"306":1,"307":1,"310":1,"311":1,"313":1,"314":1,"315":1,"316":1,"317":1,"318":1,"319":1,"321":1,"322":1,"324":1}},"/home/travis/build/npmtest/node-npmtest-react-burger-menu/node_modules/react-burger-menu/lib/BurgerMenu.js":{"path":"/home/travis/build/npmtest/node-npmtest-react-burger-menu/node_modules/react-burger-menu/lib/BurgerMenu.js","s":{"1":1,"2":1,"3":1},"b":{},"f":{},"fnMap":{},"statementMap":{"1":{"start":{"line":3,"column":0},"end":{"line":5,"column":3}},"2":{"start":{"line":6,"column":0},"end":{"line":16,"column":2}},"3":{"start":{"line":17,"column":0},"end":{"line":17,"column":36}}},"branchMap":{},"code":["'use strict';","","Object.defineProperty(exports, '__esModule', {","  value: true","});","exports['default'] = {","  slide: require('./menus/slide'),","  stack: require('./menus/stack'),","  elastic: require('./menus/elastic'),","  bubble: require('./menus/bubble'),","  push: require('./menus/push'),","  pushRotate: require('./menus/pushRotate'),","  scaleDown: require('./menus/scaleDown'),","  scaleRotate: require('./menus/scaleRotate'),","  fallDown: require('./menus/fallDown')","};","module.exports = exports['default'];"],"l":{"3":1,"6":1,"17":1}},"/home/travis/build/npmtest/node-npmtest-react-burger-menu/node_modules/react-burger-menu/lib/menus/slide.js":{"path":"/home/travis/build/npmtest/node-npmtest-react-burger-menu/node_modules/react-burger-menu/lib/menus/slide.js","s":{"1":1,"2":1,"3":1,"4":1,"5":1,"6":1,"7":1,"8":1},"b":{"1":[0,1],"2":[1,1]},"f":{"1":1},"fnMap":{"1":{"name":"_interopRequireDefault","line":7,"loc":{"start":{"line":7,"column":0},"end":{"line":7,"column":37}}}},"statementMap":{"1":{"start":{"line":3,"column":0},"end":{"line":5,"column":3}},"2":{"start":{"line":7,"column":0},"end":{"line":7,"column":97}},"3":{"start":{"line":7,"column":39},"end":{"line":7,"column":95}},"4":{"start":{"line":9,"column":0},"end":{"line":9,"column":45}},"5":{"start":{"line":11,"column":0},"end":{"line":11,"column":57}},"6":{"start":{"line":13,"column":0},"end":{"line":13,"column":16}},"7":{"start":{"line":15,"column":0},"end":{"line":15,"column":59}},"8":{"start":{"line":16,"column":0},"end":{"line":16,"column":36}}},"branchMap":{"1":{"line":7,"type":"cond-expr","locations":[{"start":{"line":7,"column":70},"end":{"line":7,"column":73}},{"start":{"line":7,"column":76},"end":{"line":7,"column":94}}]},"2":{"line":7,"type":"binary-expr","locations":[{"start":{"line":7,"column":46},"end":{"line":7,"column":49}},{"start":{"line":7,"column":53},"end":{"line":7,"column":67}}]}},"code":["'use strict';","","Object.defineProperty(exports, '__esModule', {","  value: true","});","","function _interopRequireDefault(obj) { return obj && obj.__esModule ? obj : { 'default': obj }; }","","var _menuFactory = require('../menuFactory');","","var _menuFactory2 = _interopRequireDefault(_menuFactory);","","var styles = {};","","exports['default'] = (0, _menuFactory2['default'])(styles);","module.exports = exports['default'];"],"l":{"3":1,"7":1,"9":1,"11":1,"13":1,"15":1,"16":1}},"/home/travis/build/npmtest/node-npmtest-react-burger-menu/node_modules/react-burger-menu/lib/menuFactory.js":{"path":"/home/travis/build/npmtest/node-npmtest-react-burger-menu/node_modules/react-burger-menu/lib/menuFactory.js","s":{"1":1,"2":1,"3":0,"4":0,"5":0,"6":0,"7":0,"8":0,"9":1,"10":1,"11":9,"12":108,"13":108,"14":108,"15":108,"16":108,"17":108,"18":1,"19":9,"20":9,"21":9,"22":0,"23":9,"24":1,"25":0,"26":0,"27":0,"28":0,"29":0,"30":0,"31":0,"32":0,"33":0,"34":0,"35":0,"36":0,"37":0,"38":0,"39":0,"40":0,"41":0,"42":0,"43":0,"44":0,"45":0,"46":0,"47":0,"48":0,"49":1,"50":6,"51":1,"52":0,"53":0,"54":1,"55":9,"56":0,"57":9,"58":9,"59":9,"60":1,"61":1,"62":1,"63":1,"64":1,"65":1,"66":1,"67":1,"68":1,"69":1,"70":1,"71":1,"72":1,"73":9,"74":9,"75":1,"76":0,"77":0,"78":0,"79":9,"80":0,"81":0,"82":0,"83":0,"84":0,"85":0,"86":0,"87":0,"88":0,"89":0,"90":0,"91":0,"92":0,"93":0,"94":0,"95":0,"96":0,"97":0,"98":0,"99":0,"100":0,"101":0,"102":0,"103":0,"104":0,"105":0,"106":0,"107":0,"108":0,"109":0,"110":0,"111":0,"112":0,"113":0,"114":0,"115":0,"116":0,"117":0,"118":0,"119":0,"120":0,"121":0,"122":0,"123":0,"124":0,"125":0,"126":0,"127":0,"128":0,"129":0,"130":0,"131":0,"132":0,"133":0,"134":0,"135":0,"136":0,"137":0,"138":0,"139":0,"140":0,"141":0,"142":0,"143":0,"144":0,"145":0,"146":0,"147":0,"148":0,"149":0,"150":9,"151":9,"152":9,"153":9,"154":1},"b":{"1":[1,0],"2":[0,0],"3":[108,108],"4":[108,0],"5":[9,0],"6":[0,9],"7":[0,0],"8":[0,0],"9":[0,0],"10":[0,0],"11":[0,0],"12":[0,6],"13":[6,6],"14":[0,0],"15":[0,9],"16":[9,0],"17":[9,9],"18":[9,0],"19":[9,0],"20":[0,0],"21":[0,0],"22":[0,0],"23":[0,0],"24":[0,0],"25":[0,0],"26":[0,0],"27":[0,0],"28":[0,0],"29":[0,0],"30":[0,0],"31":[0,0],"32":[0,0],"33":[0,0],"34":[0,0],"35":[0,0],"36":[0,0],"37":[0,0],"38":[0,0],"39":[0,0],"40":[0,0],"41":[0,0],"42":[0,0,0],"43":[0,0],"44":[0,0],"45":[0,0],"46":[0,0],"47":[0,0],"48":[0,0],"49":[0,0],"50":[0,0],"51":[0,0],"52":[0,0],"53":[0,0],"54":[0,0],"55":[0,0],"56":[6,3],"57":[9,9],"58":[6,3],"59":[9,9]},"f":{"1":0,"2":1,"3":9,"4":9,"5":0,"6":6,"7":0,"8":9,"9":9,"10":9,"11":0,"12":0,"13":0,"14":0,"15":0,"16":0,"17":0,"18":0,"19":0,"20":0,"21":0,"22":0,"23":0,"24":0,"25":0,"26":0,"27":0,"28":0,"29":0,"30":0,"31":0,"32":0,"33":0},"fnMap":{"1":{"name":"(anonymous_1)","line":7,"loc":{"start":{"line":7,"column":32},"end":{"line":7,"column":50}}},"2":{"name":"(anonymous_2)","line":9,"loc":{"start":{"line":9,"column":20},"end":{"line":9,"column":32}}},"3":{"name":"defineProperties","line":9,"loc":{"start":{"line":9,"column":34},"end":{"line":9,"column":75}}},"4":{"name":"(anonymous_4)","line":9,"loc":{"start":{"line":9,"column":358},"end":{"line":9,"column":406}}},"5":{"name":"get","line":11,"loc":{"start":{"line":11,"column":11},"end":{"line":11,"column":38}}},"6":{"name":"_interopRequireDefault","line":13,"loc":{"start":{"line":13,"column":0},"end":{"line":13,"column":37}}},"7":{"name":"_classCallCheck","line":15,"loc":{"start":{"line":15,"column":0},"end":{"line":15,"column":48}}},"8":{"name":"_inherits","line":17,"loc":{"start":{"line":17,"column":0},"end":{"line":17,"column":41}}},"9":{"name":"(anonymous_9)","line":43,"loc":{"start":{"line":43,"column":21},"end":{"line":43,"column":39}}},"10":{"name":"(anonymous_10)","line":44,"loc":{"start":{"line":44,"column":14},"end":{"line":44,"column":36}}},"11":{"name":"Menu","line":47,"loc":{"start":{"line":47,"column":4},"end":{"line":47,"column":25}}},"12":{"name":"toggleMenu","line":58,"loc":{"start":{"line":58,"column":13},"end":{"line":58,"column":35}}},"13":{"name":"(anonymous_13)","line":65,"loc":{"start":{"line":65,"column":32},"end":{"line":65,"column":44}}},"14":{"name":"(anonymous_14)","line":70,"loc":{"start":{"line":70,"column":39},"end":{"line":70,"column":51}}},"15":{"name":"applyWrapperStyles","line":82,"loc":{"start":{"line":82,"column":13},"end":{"line":82,"column":43}}},"16":{"name":"clearWrapperStyles","line":95,"loc":{"start":{"line":95,"column":13},"end":{"line":95,"column":43}}},"17":{"name":"handleExternalWrapper","line":111,"loc":{"start":{"line":111,"column":13},"end":{"line":111,"column":68}}},"18":{"name":"(anonymous_18)","line":130,"loc":{"start":{"line":130,"column":29},"end":{"line":130,"column":48}}},"19":{"name":"getStyles","line":138,"loc":{"start":{"line":138,"column":13},"end":{"line":138,"column":51}}},"20":{"name":"listenForClose","line":163,"loc":{"start":{"line":163,"column":13},"end":{"line":163,"column":40}}},"21":{"name":"componentWillMount","line":172,"loc":{"start":{"line":172,"column":13},"end":{"line":172,"column":43}}},"22":{"name":"componentDidMount","line":184,"loc":{"start":{"line":184,"column":13},"end":{"line":184,"column":42}}},"23":{"name":"componentWillUnmount","line":194,"loc":{"start":{"line":194,"column":13},"end":{"line":194,"column":45}}},"24":{"name":"componentDidUpdate","line":201,"loc":{"start":{"line":201,"column":13},"end":{"line":201,"column":43}}},"25":{"name":"(anonymous_25)","line":205,"loc":{"start":{"line":205,"column":11},"end":{"line":205,"column":23}}},"26":{"name":"(anonymous_26)","line":214,"loc":{"start":{"line":214,"column":25},"end":{"line":214,"column":37}}},"27":{"name":"componentWillReceiveProps","line":223,"loc":{"start":{"line":223,"column":13},"end":{"line":223,"column":59}}},"28":{"name":"render","line":230,"loc":{"start":{"line":230,"column":13},"end":{"line":230,"column":31}}},"29":{"name":"(anonymous_29)","line":236,"loc":{"start":{"line":236,"column":110},"end":{"line":236,"column":122}}},"30":{"name":"(anonymous_30)","line":257,"loc":{"start":{"line":257,"column":69},"end":{"line":257,"column":92}}},"31":{"name":"(anonymous_31)","line":271,"loc":{"start":{"line":271,"column":82},"end":{"line":271,"column":94}}},"32":{"name":"(anonymous_32)","line":276,"loc":{"start":{"line":276,"column":119},"end":{"line":276,"column":131}}},"33":{"name":"onStateChange","line":304,"loc":{"start":{"line":304,"column":19},"end":{"line":304,"column":44}}}},"statementMap":{"1":{"start":{"line":3,"column":0},"end":{"line":5,"column":3}},"2":{"start":{"line":7,"column":0},"end":{"line":7,"column":257}},"3":{"start":{"line":7,"column":52},"end":{"line":7,"column":239}},"4":{"start":{"line":7,"column":97},"end":{"line":7,"column":123}},"5":{"start":{"line":7,"column":124},"end":{"line":7,"column":237}},"6":{"start":{"line":7,"column":150},"end":{"line":7,"column":235}},"7":{"start":{"line":7,"column":207},"end":{"line":7,"column":233}},"8":{"start":{"line":7,"column":240},"end":{"line":7,"column":254}},"9":{"start":{"line":9,"column":0},"end":{"line":9,"column":566}},"10":{"start":{"line":9,"column":34},"end":{"line":9,"column":350}},"11":{"start":{"line":9,"column":77},"end":{"line":9,"column":348}},"12":{"start":{"line":9,"column":118},"end":{"line":9,"column":144}},"13":{"start":{"line":9,"column":145},"end":{"line":9,"column":200}},"14":{"start":{"line":9,"column":201},"end":{"line":9,"column":232}},"15":{"start":{"line":9,"column":233},"end":{"line":9,"column":287}},"16":{"start":{"line":9,"column":260},"end":{"line":9,"column":287}},"17":{"start":{"line":9,"column":288},"end":{"line":9,"column":346}},"18":{"start":{"line":9,"column":351},"end":{"line":9,"column":560}},"19":{"start":{"line":9,"column":408},"end":{"line":9,"column":476}},"20":{"start":{"line":9,"column":424},"end":{"line":9,"column":476}},"21":{"start":{"line":9,"column":477},"end":{"line":9,"column":537}},"22":{"start":{"line":9,"column":494},"end":{"line":9,"column":537}},"23":{"start":{"line":9,"column":538},"end":{"line":9,"column":557}},"24":{"start":{"line":11,"column":0},"end":{"line":11,"column":658}},"25":{"start":{"line":11,"column":40},"end":{"line":11,"column":58}},"26":{"start":{"line":11,"column":59},"end":{"line":11,"column":655}},"27":{"start":{"line":11,"column":70},"end":{"line":11,"column":655}},"28":{"start":{"line":11,"column":87},"end":{"line":11,"column":135}},"29":{"start":{"line":11,"column":136},"end":{"line":11,"column":151}},"30":{"start":{"line":11,"column":152},"end":{"line":11,"column":201}},"31":{"start":{"line":11,"column":173},"end":{"line":11,"column":201}},"32":{"start":{"line":11,"column":202},"end":{"line":11,"column":263}},"33":{"start":{"line":11,"column":264},"end":{"line":11,"column":653}},"34":{"start":{"line":11,"column":290},"end":{"line":11,"column":333}},"35":{"start":{"line":11,"column":334},"end":{"line":11,"column":492}},"36":{"start":{"line":11,"column":357},"end":{"line":11,"column":374}},"37":{"start":{"line":11,"column":384},"end":{"line":11,"column":396}},"38":{"start":{"line":11,"column":397},"end":{"line":11,"column":412}},"39":{"start":{"line":11,"column":413},"end":{"line":11,"column":428}},"40":{"start":{"line":11,"column":429},"end":{"line":11,"column":443}},"41":{"start":{"line":11,"column":444},"end":{"line":11,"column":470}},"42":{"start":{"line":11,"column":471},"end":{"line":11,"column":490}},"43":{"start":{"line":11,"column":500},"end":{"line":11,"column":653}},"44":{"start":{"line":11,"column":523},"end":{"line":11,"column":541}},"45":{"start":{"line":11,"column":551},"end":{"line":11,"column":573}},"46":{"start":{"line":11,"column":574},"end":{"line":11,"column":621}},"47":{"start":{"line":11,"column":602},"end":{"line":11,"column":619}},"48":{"start":{"line":11,"column":622},"end":{"line":11,"column":651}},"49":{"start":{"line":13,"column":0},"end":{"line":13,"column":97}},"50":{"start":{"line":13,"column":39},"end":{"line":13,"column":95}},"51":{"start":{"line":15,"column":0},"end":{"line":15,"column":153}},"52":{"start":{"line":15,"column":50},"end":{"line":15,"column":151}},"53":{"start":{"line":15,"column":92},"end":{"line":15,"column":149}},"54":{"start":{"line":17,"column":0},"end":{"line":17,"column":494}},"55":{"start":{"line":17,"column":43},"end":{"line":17,"column":208}},"56":{"start":{"line":17,"column":106},"end":{"line":17,"column":206}},"57":{"start":{"line":17,"column":209},"end":{"line":17,"column":373}},"58":{"start":{"line":17,"column":374},"end":{"line":17,"column":492}},"59":{"start":{"line":17,"column":390},"end":{"line":17,"column":492}},"60":{"start":{"line":19,"column":0},"end":{"line":19,"column":30}},"61":{"start":{"line":21,"column":0},"end":{"line":21,"column":45}},"62":{"start":{"line":23,"column":0},"end":{"line":23,"column":37}},"63":{"start":{"line":25,"column":0},"end":{"line":25,"column":51}},"64":{"start":{"line":27,"column":0},"end":{"line":27,"column":39}},"65":{"start":{"line":29,"column":0},"end":{"line":29,"column":53}},"66":{"start":{"line":31,"column":0},"end":{"line":31,"column":42}},"67":{"start":{"line":33,"column":0},"end":{"line":33,"column":55}},"68":{"start":{"line":35,"column":0},"end":{"line":35,"column":42}},"69":{"start":{"line":37,"column":0},"end":{"line":37,"column":55}},"70":{"start":{"line":39,"column":0},"end":{"line":39,"column":40}},"71":{"start":{"line":41,"column":0},"end":{"line":41,"column":53}},"72":{"start":{"line":43,"column":0},"end":{"line":312,"column":2}},"73":{"start":{"line":44,"column":2},"end":{"line":284,"column":23}},"74":{"start":{"line":45,"column":4},"end":{"line":45,"column":32}},"75":{"start":{"line":47,"column":4},"end":{"line":54,"column":5}},"76":{"start":{"line":48,"column":6},"end":{"line":48,"column":34}},"77":{"start":{"line":50,"column":6},"end":{"line":50,"column":89}},"78":{"start":{"line":51,"column":6},"end":{"line":53,"column":8}},"79":{"start":{"line":56,"column":4},"end":{"line":281,"column":8}},"80":{"start":{"line":59,"column":8},"end":{"line":59,"column":25}},"81":{"start":{"line":61,"column":8},"end":{"line":61,"column":54}},"82":{"start":{"line":63,"column":8},"end":{"line":63,"column":34}},"83":{"start":{"line":65,"column":8},"end":{"line":76,"column":11}},"84":{"start":{"line":66,"column":10},"end":{"line":66,"column":46}},"85":{"start":{"line":69,"column":10},"end":{"line":69,"column":59}},"86":{"start":{"line":70,"column":10},"end":{"line":75,"column":18}},"87":{"start":{"line":71,"column":12},"end":{"line":71,"column":35}},"88":{"start":{"line":72,"column":12},"end":{"line":74,"column":13}},"89":{"start":{"line":73,"column":14},"end":{"line":73,"column":41}},"90":{"start":{"line":83,"column":8},"end":{"line":85,"column":9}},"91":{"start":{"line":84,"column":10},"end":{"line":84,"column":83}},"92":{"start":{"line":87,"column":8},"end":{"line":89,"column":9}},"93":{"start":{"line":88,"column":10},"end":{"line":88,"column":95}},"94":{"start":{"line":96,"column":8},"end":{"line":98,"column":9}},"95":{"start":{"line":97,"column":10},"end":{"line":97,"column":84}},"96":{"start":{"line":100,"column":8},"end":{"line":102,"column":9}},"97":{"start":{"line":101,"column":10},"end":{"line":101,"column":96}},"98":{"start":{"line":112,"column":8},"end":{"line":112,"column":50}},"99":{"start":{"line":113,"column":8},"end":{"line":113,"column":50}},"100":{"start":{"line":114,"column":8},"end":{"line":114,"column":50}},"101":{"start":{"line":116,"column":8},"end":{"line":119,"column":9}},"102":{"start":{"line":117,"column":10},"end":{"line":117,"column":66}},"103":{"start":{"line":118,"column":10},"end":{"line":118,"column":17}},"104":{"start":{"line":121,"column":8},"end":{"line":121,"column":95}},"105":{"start":{"line":123,"column":8},"end":{"line":127,"column":9}},"106":{"start":{"line":124,"column":10},"end":{"line":126,"column":11}},"107":{"start":{"line":125,"column":12},"end":{"line":125,"column":63}},"108":{"start":{"line":130,"column":8},"end":{"line":132,"column":11}},"109":{"start":{"line":131,"column":10},"end":{"line":131,"column":60}},"110":{"start":{"line":139,"column":8},"end":{"line":139,"column":83}},"111":{"start":{"line":142,"column":8},"end":{"line":142,"column":139}},"112":{"start":{"line":145,"column":8},"end":{"line":147,"column":9}},"113":{"start":{"line":146,"column":10},"end":{"line":146,"column":118}},"114":{"start":{"line":150,"column":8},"end":{"line":152,"column":9}},"115":{"start":{"line":151,"column":10},"end":{"line":151,"column":69}},"116":{"start":{"line":155,"column":8},"end":{"line":157,"column":9}},"117":{"start":{"line":156,"column":10},"end":{"line":156,"column":48}},"118":{"start":{"line":159,"column":8},"end":{"line":159,"column":22}},"119":{"start":{"line":164,"column":8},"end":{"line":164,"column":30}},"120":{"start":{"line":166,"column":8},"end":{"line":168,"column":9}},"121":{"start":{"line":167,"column":10},"end":{"line":167,"column":28}},"122":{"start":{"line":173,"column":8},"end":{"line":175,"column":9}},"123":{"start":{"line":174,"column":10},"end":{"line":174,"column":48}},"124":{"start":{"line":178,"column":8},"end":{"line":180,"column":9}},"125":{"start":{"line":179,"column":10},"end":{"line":179,"column":28}},"126":{"start":{"line":185,"column":8},"end":{"line":185,"column":58}},"127":{"start":{"line":188,"column":8},"end":{"line":190,"column":9}},"128":{"start":{"line":189,"column":10},"end":{"line":189,"column":28}},"129":{"start":{"line":195,"column":8},"end":{"line":195,"column":32}},"130":{"start":{"line":197,"column":8},"end":{"line":197,"column":34}},"131":{"start":{"line":202,"column":8},"end":{"line":202,"column":26}},"132":{"start":{"line":204,"column":8},"end":{"line":219,"column":9}},"133":{"start":{"line":205,"column":10},"end":{"line":218,"column":15}},"134":{"start":{"line":206,"column":12},"end":{"line":206,"column":89}},"135":{"start":{"line":207,"column":12},"end":{"line":207,"column":65}},"136":{"start":{"line":209,"column":12},"end":{"line":217,"column":13}},"137":{"start":{"line":211,"column":14},"end":{"line":211,"column":39}},"138":{"start":{"line":214,"column":14},"end":{"line":216,"column":22}},"139":{"start":{"line":215,"column":16},"end":{"line":215,"column":55}},"140":{"start":{"line":224,"column":8},"end":{"line":226,"column":9}},"141":{"start":{"line":225,"column":10},"end":{"line":225,"column":28}},"142":{"start":{"line":231,"column":8},"end":{"line":231,"column":26}},"143":{"start":{"line":233,"column":8},"end":{"line":279,"column":10}},"144":{"start":{"line":237,"column":14},"end":{"line":237,"column":41}},"145":{"start":{"line":258,"column":18},"end":{"line":264,"column":19}},"146":{"start":{"line":259,"column":20},"end":{"line":262,"column":22}},"147":{"start":{"line":263,"column":20},"end":{"line":263,"column":77}},"148":{"start":{"line":272,"column":18},"end":{"line":272,"column":45}},"149":{"start":{"line":277,"column":14},"end":{"line":277,"column":41}},"150":{"start":{"line":283,"column":4},"end":{"line":283,"column":16}},"151":{"start":{"line":286,"column":2},"end":{"line":299,"column":4}},"152":{"start":{"line":301,"column":2},"end":{"line":309,"column":4}},"153":{"start":{"line":311,"column":2},"end":{"line":311,"column":14}},"154":{"start":{"line":314,"column":0},"end":{"line":314,"column":36}}},"branchMap":{"1":{"line":7,"type":"binary-expr","locations":[{"start":{"line":7,"column":15},"end":{"line":7,"column":28}},{"start":{"line":7,"column":32},"end":{"line":7,"column":256}}]},"2":{"line":7,"type":"if","locations":[{"start":{"line":7,"column":150},"end":{"line":7,"column":150}},{"start":{"line":7,"column":150},"end":{"line":7,"column":150}}]},"3":{"line":9,"type":"binary-expr","locations":[{"start":{"line":9,"column":169},"end":{"line":9,"column":190}},{"start":{"line":9,"column":194},"end":{"line":9,"column":199}}]},"4":{"line":9,"type":"if","locations":[{"start":{"line":9,"column":233},"end":{"line":9,"column":233}},{"start":{"line":9,"column":233},"end":{"line":9,"column":233}}]},"5":{"line":9,"type":"if","locations":[{"start":{"line":9,"column":408},"end":{"line":9,"column":408}},{"start":{"line":9,"column":408},"end":{"line":9,"column":408}}]},"6":{"line":9,"type":"if","locations":[{"start":{"line":9,"column":477},"end":{"line":9,"column":477}},{"start":{"line":9,"column":477},"end":{"line":9,"column":477}}]},"7":{"line":11,"type":"if","locations":[{"start":{"line":11,"column":152},"end":{"line":11,"column":152}},{"start":{"line":11,"column":152},"end":{"line":11,"column":152}}]},"8":{"line":11,"type":"if","locations":[{"start":{"line":11,"column":264},"end":{"line":11,"column":264}},{"start":{"line":11,"column":264},"end":{"line":11,"column":264}}]},"9":{"line":11,"type":"if","locations":[{"start":{"line":11,"column":334},"end":{"line":11,"column":334}},{"start":{"line":11,"column":334},"end":{"line":11,"column":334}}]},"10":{"line":11,"type":"if","locations":[{"start":{"line":11,"column":500},"end":{"line":11,"column":500}},{"start":{"line":11,"column":500},"end":{"line":11,"column":500}}]},"11":{"line":11,"type":"if","locations":[{"start":{"line":11,"column":574},"end":{"line":11,"column":574}},{"start":{"line":11,"column":574},"end":{"line":11,"column":574}}]},"12":{"line":13,"type":"cond-expr","locations":[{"start":{"line":13,"column":70},"end":{"line":13,"column":73}},{"start":{"line":13,"column":76},"end":{"line":13,"column":94}}]},"13":{"line":13,"type":"binary-expr","locations":[{"start":{"line":13,"column":46},"end":{"line":13,"column":49}},{"start":{"line":13,"column":53},"end":{"line":13,"column":67}}]},"14":{"line":15,"type":"if","locations":[{"start":{"line":15,"column":50},"end":{"line":15,"column":50}},{"start":{"line":15,"column":50},"end":{"line":15,"column":50}}]},"15":{"line":17,"type":"if","locations":[{"start":{"line":17,"column":43},"end":{"line":17,"column":43}},{"start":{"line":17,"column":43},"end":{"line":17,"column":43}}]},"16":{"line":17,"type":"binary-expr","locations":[{"start":{"line":17,"column":47},"end":{"line":17,"column":79}},{"start":{"line":17,"column":83},"end":{"line":17,"column":102}}]},"17":{"line":17,"type":"binary-expr","locations":[{"start":{"line":17,"column":244},"end":{"line":17,"column":254}},{"start":{"line":17,"column":258},"end":{"line":17,"column":278}}]},"18":{"line":17,"type":"if","locations":[{"start":{"line":17,"column":374},"end":{"line":17,"column":374}},{"start":{"line":17,"column":374},"end":{"line":17,"column":374}}]},"19":{"line":17,"type":"cond-expr","locations":[{"start":{"line":17,"column":414},"end":{"line":17,"column":457}},{"start":{"line":17,"column":460},"end":{"line":17,"column":491}}]},"20":{"line":52,"type":"cond-expr","locations":[{"start":{"line":52,"column":63},"end":{"line":52,"column":75}},{"start":{"line":52,"column":78},"end":{"line":52,"column":83}}]},"21":{"line":52,"type":"binary-expr","locations":[{"start":{"line":52,"column":16},"end":{"line":52,"column":21}},{"start":{"line":52,"column":25},"end":{"line":52,"column":60}}]},"22":{"line":69,"type":"binary-expr","locations":[{"start":{"line":69,"column":10},"end":{"line":69,"column":25}},{"start":{"line":69,"column":29},"end":{"line":69,"column":58}}]},"23":{"line":72,"type":"if","locations":[{"start":{"line":72,"column":12},"end":{"line":72,"column":12}},{"start":{"line":72,"column":12},"end":{"line":72,"column":12}}]},"24":{"line":83,"type":"if","locations":[{"start":{"line":83,"column":8},"end":{"line":83,"column":8}},{"start":{"line":83,"column":8},"end":{"line":83,"column":8}}]},"25":{"line":83,"type":"binary-expr","locations":[{"start":{"line":83,"column":12},"end":{"line":83,"column":27}},{"start":{"line":83,"column":31},"end":{"line":83,"column":52}}]},"26":{"line":87,"type":"if","locations":[{"start":{"line":87,"column":8},"end":{"line":87,"column":8}},{"start":{"line":87,"column":8},"end":{"line":87,"column":8}}]},"27":{"line":87,"type":"binary-expr","locations":[{"start":{"line":87,"column":12},"end":{"line":87,"column":33}},{"start":{"line":87,"column":37},"end":{"line":87,"column":64}}]},"28":{"line":96,"type":"if","locations":[{"start":{"line":96,"column":8},"end":{"line":96,"column":8}},{"start":{"line":96,"column":8},"end":{"line":96,"column":8}}]},"29":{"line":96,"type":"binary-expr","locations":[{"start":{"line":96,"column":12},"end":{"line":96,"column":27}},{"start":{"line":96,"column":31},"end":{"line":96,"column":52}}]},"30":{"line":100,"type":"if","locations":[{"start":{"line":100,"column":8},"end":{"line":100,"column":8}},{"start":{"line":100,"column":8},"end":{"line":100,"column":8}}]},"31":{"line":100,"type":"binary-expr","locations":[{"start":{"line":100,"column":12},"end":{"line":100,"column":33}},{"start":{"line":100,"column":37},"end":{"line":100,"column":64}}]},"32":{"line":116,"type":"if","locations":[{"start":{"line":116,"column":8},"end":{"line":116,"column":8}},{"start":{"line":116,"column":8},"end":{"line":116,"column":8}}]},"33":{"line":124,"type":"if","locations":[{"start":{"line":124,"column":10},"end":{"line":124,"column":10}},{"start":{"line":124,"column":10},"end":{"line":124,"column":10}}]},"34":{"line":125,"type":"cond-expr","locations":[{"start":{"line":125,"column":40},"end":{"line":125,"column":57}},{"start":{"line":125,"column":60},"end":{"line":125,"column":62}}]},"35":{"line":131,"type":"cond-expr","locations":[{"start":{"line":131,"column":46},"end":{"line":131,"column":54}},{"start":{"line":131,"column":57},"end":{"line":131,"column":59}}]},"36":{"line":142,"type":"cond-expr","locations":[{"start":{"line":142,"column":51},"end":{"line":142,"column":133}},{"start":{"line":142,"column":136},"end":{"line":142,"column":138}}]},"37":{"line":145,"type":"if","locations":[{"start":{"line":145,"column":8},"end":{"line":145,"column":8}},{"start":{"line":145,"column":8},"end":{"line":145,"column":8}}]},"38":{"line":150,"type":"if","locations":[{"start":{"line":150,"column":8},"end":{"line":150,"column":8}},{"start":{"line":150,"column":8},"end":{"line":150,"column":8}}]},"39":{"line":155,"type":"if","locations":[{"start":{"line":155,"column":8},"end":{"line":155,"column":8}},{"start":{"line":155,"column":8},"end":{"line":155,"column":8}}]},"40":{"line":164,"type":"binary-expr","locations":[{"start":{"line":164,"column":12},"end":{"line":164,"column":13}},{"start":{"line":164,"column":17},"end":{"line":164,"column":29}}]},"41":{"line":166,"type":"if","locations":[{"start":{"line":166,"column":8},"end":{"line":166,"column":8}},{"start":{"line":166,"column":8},"end":{"line":166,"column":8}}]},"42":{"line":166,"type":"binary-expr","locations":[{"start":{"line":166,"column":12},"end":{"line":166,"column":29}},{"start":{"line":166,"column":34},"end":{"line":166,"column":52}},{"start":{"line":166,"column":56},"end":{"line":166,"column":72}}]},"43":{"line":173,"type":"if","locations":[{"start":{"line":173,"column":8},"end":{"line":173,"column":8}},{"start":{"line":173,"column":8},"end":{"line":173,"column":8}}]},"44":{"line":178,"type":"if","locations":[{"start":{"line":178,"column":8},"end":{"line":178,"column":8}},{"start":{"line":178,"column":8},"end":{"line":178,"column":8}}]},"45":{"line":188,"type":"if","locations":[{"start":{"line":188,"column":8},"end":{"line":188,"column":8}},{"start":{"line":188,"column":8},"end":{"line":188,"column":8}}]},"46":{"line":204,"type":"if","locations":[{"start":{"line":204,"column":8},"end":{"line":204,"column":8}},{"start":{"line":204,"column":8},"end":{"line":204,"column":8}}]},"47":{"line":209,"type":"if","locations":[{"start":{"line":209,"column":12},"end":{"line":209,"column":12}},{"start":{"line":209,"column":12},"end":{"line":209,"column":12}}]},"48":{"line":224,"type":"if","locations":[{"start":{"line":224,"column":8},"end":{"line":224,"column":8}},{"start":{"line":224,"column":8},"end":{"line":224,"column":8}}]},"49":{"line":224,"type":"binary-expr","locations":[{"start":{"line":224,"column":12},"end":{"line":224,"column":51}},{"start":{"line":224,"column":55},"end":{"line":224,"column":93}}]},"50":{"line":236,"type":"cond-expr","locations":[{"start":{"line":236,"column":34},"end":{"line":238,"column":50}},{"start":{"line":238,"column":53},"end":{"line":238,"column":57}}]},"51":{"line":241,"type":"binary-expr","locations":[{"start":{"line":241,"column":63},"end":{"line":241,"column":83}},{"start":{"line":241,"column":87},"end":{"line":241,"column":89}}]},"52":{"line":242,"type":"cond-expr","locations":[{"start":{"line":242,"column":25},"end":{"line":250,"column":13}},{"start":{"line":250,"column":16},"end":{"line":250,"column":20}}]},"53":{"line":258,"type":"if","locations":[{"start":{"line":258,"column":18},"end":{"line":258,"column":18}},{"start":{"line":258,"column":18},"end":{"line":258,"column":18}}]},"54":{"line":268,"type":"cond-expr","locations":[{"start":{"line":268,"column":51},"end":{"line":274,"column":13}},{"start":{"line":274,"column":16},"end":{"line":274,"column":20}}]},"55":{"line":276,"type":"cond-expr","locations":[{"start":{"line":276,"column":50},"end":{"line":278,"column":84}},{"start":{"line":278,"column":87},"end":{"line":278,"column":91}}]},"56":{"line":294,"type":"cond-expr","locations":[{"start":{"line":294,"column":56},"end":{"line":294,"column":96}},{"start":{"line":294,"column":99},"end":{"line":294,"column":128}}]},"57":{"line":294,"type":"binary-expr","locations":[{"start":{"line":294,"column":22},"end":{"line":294,"column":28}},{"start":{"line":294,"column":32},"end":{"line":294,"column":5
[...]
:7,"column":39},"end":{"line":7,"column":95}},"4":{"start":{"line":9,"column":0},"end":{"line":9,"column":45}},"5":{"start":{"line":11,"column":0},"end":{"line":11,"column":57}},"6":{"start":{"line":13,"column":0},"end":{"line":33,"column":2}},"7":{"start":{"line":16,"column":4},"end":{"line":25,"column":6}},"8":{"start":{"line":29,"column":4},"end":{"line":31,"column":6}},"9":{"start":{"line":35,"column":0},"end":{"line":35,"column":59}},"10":{"start":{"line":36,"column":0},"end":{"line":36,"column":36}}},"branchMap":{"1":{"line":7,"type":"cond-expr","locations":[{"start":{"line":7,"column":70},"end":{"line":7,"column":73}},{"start":{"line":7,"column":76},"end":{"line":7,"column":94}}]},"2":{"line":7,"type":"binary-expr","locations":[{"start":{"line":7,"column":46},"end":{"line":7,"column":49}},{"start":{"line":7,"column":53},"end":{"line":7,"column":67}}]},"3":{"line":17,"type":"cond-expr","locations":[{"start":{"line":17,"column":29},"end":{"line":17,"column":31}},{"start":{"line":17,"column":34},"end":{"line":17,"column":71}}]},"4":{"line":18,"type":"cond-expr","locations":[{"start":{"line":18,"column":28},"end":{"line":18,"column":30}},{"start":{"line":18,"column":33},"end":{"line":18,"column":70}}]},"5":{"line":19,"type":"cond-expr","locations":[{"start":{"line":19,"column":27},"end":{"line":19,"column":29}},{"start":{"line":19,"column":32},"end":{"line":19,"column":69}}]},"6":{"line":20,"type":"cond-expr","locations":[{"start":{"line":20,"column":32},"end":{"line":20,"column":34}},{"start":{"line":20,"column":37},"end":{"line":20,"column":74}}]},"7":{"line":21,"type":"cond-expr","locations":[{"start":{"line":21,"column":26},"end":{"line":21,"column":28}},{"start":{"line":21,"column":31},"end":{"line":21,"column":68}}]}},"code":["'use strict';","","Object.defineProperty(exports, '__esModule', {","  value: true","});","","function _interopRequireDefault(obj) { return obj && obj.__esModule ? obj : { 'default': obj }; }","","var _menuFactory = require('../menuFactory');","","var _menuFactory2 = _interopRequireDefault(_menuFactory);","","var styles = {","","  pageWrap: function pageWrap(isOpen, width) {","    return {","      MozTransform: isOpen ? '' : 'translate3d(0, 0, -' + width + 'px)',","      MsTransform: isOpen ? '' : 'translate3d(0, 0, -' + width + 'px)',","      OTransform: isOpen ? '' : 'translate3d(0, 0, -' + width + 'px)',","      WebkitTransform: isOpen ? '' : 'translate3d(0, 0, -' + width + 'px)',","      transform: isOpen ? '' : 'translate3d(0, 0, -' + width + 'px)',","      transformOrigin: '100%',","      transformStyle: 'preserve-3d',","      transition: 'all 0.5s'","    };","  },","","  outerContainer: function outerContainer() {","    return {","      perspective: '1500px'","    };","  }","};","","exports['default'] = (0, _menuFactory2['default'])(styles);","module.exports = exports['default'];"],"l":{"3":1,"7":1,"9":1,"11":1,"13":1,"16":0,"29":0,"35":1,"36":1}},"/home/travis/build/npmtest/node-npmtest-react-burger-menu/node_modules/react-burger-menu/lib/menus/scaleRotate.js":{"path":"/home/travis/build/npmtest/node-npmtest-react-burger-menu/node_modules/react-burger-menu/lib/menus/scaleRotate.js","s":{"1":1,"2":1,"3":1,"4":1,"5":1,"6":1,"7":0,"8":0,"9":1,"10":1},"b":{"1":[0,1],"2":[1,1],"3":[0,0],"4":[0,0],"5":[0,0],"6":[0,0],"7":[0,0],"8":[0,0],"9":[0,0],"10":[0,0],"11":[0,0],"12":[0,0],"13":[0,0],"14":[0,0]},"f":{"1":1,"2":0,"3":0},"fnMap":{"1":{"name":"_interopRequireDefault","line":7,"loc":{"start":{"line":7,"column":0},"end":{"line":7,"column":37}}},"2":{"name":"pageWrap","line":15,"loc":{"start":{"line":15,"column":12},"end":{"line":15,"column":52}}},"3":{"name":"outerContainer","line":28,"loc":{"start":{"line":28,"column":18},"end":{"line":28,"column":50}}}},"statementMap":{"1":{"start":{"line":3,"column":0},"end":{"line":5,"column":3}},"2":{"start":{"line":7,"column":0},"end":{"line":7,"column":97}},"3":{"start":{"line":7,"column":39},"end":{"line":7,"column":95}},"4":{"start":{"line":9,"column":0},"end":{"line":9,"column":45}},"5":{"start":{"line":11,"column":0},"end":{"line":11,"column":57}},"6":{"start":{"line":13,"column":0},"end":{"line":34,"column":2}},"7":{"start":{"line":16,"column":4},"end":{"line":25,"column":6}},"8":{"start":{"line":29,"column":4},"end":{"line":32,"column":6}},"9":{"start":{"line":36,"column":0},"end":{"line":36,"column":59}},"10":{"start":{"line":37,"column":0},"end":{"line":37,"column":36}}},"branchMap":{"1":{"line":7,"type":"cond-expr","locations":[{"start":{"line":7,"column":70},"end":{"line":7,"column":73}},{"start":{"line":7,"column":76},"end":{"line":7,"column":94}}]},"2":{"line":7,"type":"binary-expr","locations":[{"start":{"line":7,"column":46},"end":{"line":7,"column":49}},{"start":{"line":7,"column":53},"end":{"line":7,"column":67}}]},"3":{"line":17,"type":"cond-expr","locations":[{"start":{"line":17,"column":29},"end":{"line":17,"column":31}},{"start":{"line":17,"column":34},"end":{"line":17,"column":139}}]},"4":{"line":17,"type":"cond-expr","locations":[{"start":{"line":17,"column":42},"end":{"line":17,"column":89}},{"start":{"line":17,"column":92},"end":{"line":17,"column":139}}]},"5":{"line":18,"type":"cond-expr","locations":[{"start":{"line":18,"column":28},"end":{"line":18,"column":30}},{"start":{"line":18,"column":33},"end":{"line":18,"column":138}}]},"6":{"line":18,"type":"cond-expr","locations":[{"start":{"line":18,"column":41},"end":{"line":18,"column":88}},{"start":{"line":18,"column":91},"end":{"line":18,"column":138}}]},"7":{"line":19,"type":"cond-expr","locations":[{"start":{"line":19,"column":27},"end":{"line":19,"column":29}},{"start":{"line":19,"column":32},"end":{"line":19,"column":137}}]},"8":{"line":19,"type":"cond-expr","locations":[{"start":{"line":19,"column":40},"end":{"line":19,"column":87}},{"start":{"line":19,"column":90},"end":{"line":19,"column":137}}]},"9":{"line":20,"type":"cond-expr","locations":[{"start":{"line":20,"column":32},"end":{"line":20,"column":34}},{"start":{"line":20,"column":37},"end":{"line":20,"column":142}}]},"10":{"line":20,"type":"cond-expr","locations":[{"start":{"line":20,"column":45},"end":{"line":20,"column":92}},{"start":{"line":20,"column":95},"end":{"line":20,"column":142}}]},"11":{"line":21,"type":"cond-expr","locations":[{"start":{"line":21,"column":26},"end":{"line":21,"column":28}},{"start":{"line":21,"column":31},"end":{"line":21,"column":136}}]},"12":{"line":21,"type":"cond-expr","locations":[{"start":{"line":21,"column":39},"end":{"line":21,"column":86}},{"start":{"line":21,"column":89},"end":{"line":21,"column":136}}]},"13":{"line":24,"type":"cond-expr","locations":[{"start":{"line":24,"column":25},"end":{"line":24,"column":27}},{"start":{"line":24,"column":30},"end":{"line":24,"column":38}}]},"14":{"line":31,"type":"cond-expr","locations":[{"start":{"line":31,"column":25},"end":{"line":31,"column":27}},{"start":{"line":31,"column":30},"end":{"line":31,"column":38}}]}},"code":["'use strict';","","Object.defineProperty(exports, '__esModule', {","  value: true","});","","function _interopRequireDefault(obj) { return obj && obj.__esModule ? obj : { 'default': obj }; }","","var _menuFactory = require('../menuFactory');","","var _menuFactory2 = _interopRequireDefault(_menuFactory);","","var styles = {","","  pageWrap: function pageWrap(isOpen, width, right) {","    return {","      MozTransform: isOpen ? '' : right ? 'translate3d(-100px, 0, -600px) rotateY(20deg)' : 'translate3d(100px, 0, -600px) rotateY(-20deg)',","      MsTransform: isOpen ? '' : right ? 'translate3d(-100px, 0, -600px) rotateY(20deg)' : 'translate3d(100px, 0, -600px) rotateY(-20deg)',","      OTransform: isOpen ? '' : right ? 'translate3d(-100px, 0, -600px) rotateY(20deg)' : 'translate3d(100px, 0, -600px) rotateY(-20deg)',","      WebkitTransform: isOpen ? '' : right ? 'translate3d(-100px, 0, -600px) rotateY(20deg)' : 'translate3d(100px, 0, -600px) rotateY(-20deg)',","      transform: isOpen ? '' : right ? 'translate3d(-100px, 0, -600px) rotateY(20deg)' : 'translate3d(100px, 0, -600px) rotateY(-20deg)',","      transformStyle: 'preserve-3d',","      transition: 'all 0.5s',","      overflow: isOpen ? '' : 'hidden'","    };","  },","","  outerContainer: function outerContainer(isOpen) {","    return {","      perspective: '1500px',","      overflow: isOpen ? '' : 'hidden'","    };","  }","};","","exports['default'] = (0, _menuFactory2['default'])(styles);","module.exports = exports['default'];"],"l":{"3":1,"7":1,"9":1,"11":1,"13":1,"16":0,"29":0,"36":1,"37":1}},"/home/travis/build/npmtest/node-npmtest-react-burger-menu/node_modules/react-burger-menu/lib/menus/fallDown.js":{"path":"/home/travis/build/npmtest/node-npmtest-react-burger-menu/node_modules/react-burger-menu/lib/menus/fallDown.js","s":{"1":1,"2":1,"3":1,"4":1,"5":1,"6":1,"7":0,"8":0,"9":0,"10":1,"11":1},"b":{"1":[0,1],"2":[1,1],"3":[0,0],"4":[0,0],"5":[0,0],"6":[0,0],"7":[0,0],"8":[0,0],"9":[0,0],"10":[0,0],"11":[0,0],"12":[0,0],"13":[0,0],"14":[0,0],"15":[0,0],"16":[0,0],"17":[0,0],"18":[0,0]},"f":{"1":1,"2":0,"3":0,"4":0},"fnMap":{"1":{"name":"_interopRequireDefault","line":7,"loc":{"start":{"line":7,"column":0},"end":{"line":7,"column":37}}},"2":{"name":"menuWrap","line":15,"loc":{"start":{"line":15,"column":12},"end":{"line":15,"column":38}}},"3":{"name":"pageWrap","line":26,"loc":{"start":{"line":26,"column":12},"end":{"line":26,"column":52}}},"4":{"name":"outerContainer","line":37,"loc":{"start":{"line":37,"column":18},"end":{"line":37,"column":50}}}},"statementMap":{"1":{"start":{"line":3,"column":0},"end":{"line":5,"column":3}},"2":{"start":{"line":7,"column":0},"end":{"line":7,"column":97}},"3":{"start":{"line":7,"column":39},"end":{"line":7,"column":95}},"4":{"start":{"line":9,"column":0},"end":{"line":9,"column":45}},"5":{"start":{"line":11,"column":0},"end":{"line":11,"column":57}},"6":{"start":{"line":13,"column":0},"end":{"line":44,"column":2}},"7":{"start":{"line":16,"column":4},"end":{"line":23,"column":6}},"8":{"start":{"line":27,"column":4},"end":{"line":34,"column":6}},"9":{"start":{"line":38,"column":4},"end":{"line":42,"column":6}},"10":{"start":{"line":46,"column":0},"end":{"line":46,"column":59}},"11":{"start":{"line":47,"column":0},"end":{"line":47,"column":36}}},"branchMap":{"1":{"line":7,"type":"cond-expr","locations":[{"start":{"line":7,"column":70},"end":{"line":7,"column":73}},{"start":{"line":7,"column":76},"end":{"line":7,"column":94}}]},"2":{"line":7,"type":"binary-expr","locations":[{"start":{"line":7,"column":46},"end":{"line":7,"column":49}},{"start":{"line":7,"column":53},"end":{"line":7,"column":67}}]},"3":{"line":17,"type":"cond-expr","locations":[{"start":{"line":17,"column":29},"end":{"line":17,"column":31}},{"start":{"line":17,"column":34},"end":{"line":17,"column":60}}]},"4":{"line":18,"type":"cond-expr","locations":[{"start":{"line":18,"column":28},"end":{"line":18,"column":30}},{"start":{"line":18,"column":33},"end":{"line":18,"column":59}}]},"5":{"line":19,"type":"cond-expr","locations":[{"start":{"line":19,"column":27},"end":{"line":19,"column":29}},{"start":{"line":19,"column":32},"end":{"line":19,"column":58}}]},"6":{"line":20,"type":"cond-expr","locations":[{"start":{"line":20,"column":32},"end":{"line":20,"column":34}},{"start":{"line":20,"column":37},"end":{"line":20,"column":63}}]},"7":{"line":21,"type":"cond-expr","locations":[{"start":{"line":21,"column":26},"end":{"line":21,"column":28}},{"start":{"line":21,"column":31},"end":{"line":21,"column":57}}]},"8":{"line":28,"type":"cond-expr","locations":[{"start":{"line":28,"column":29},"end":{"line":28,"column":31}},{"start":{"line":28,"column":34},"end":{"line":28,"column":118}}]},"9":{"line":28,"type":"cond-expr","locations":[{"start":{"line":28,"column":42},"end":{"line":28,"column":79}},{"start":{"line":28,"column":82},"end":{"line":28,"column":118}}]},"10":{"line":29,"type":"cond-expr","locations":[{"start":{"line":29,"column":28},"end":{"line":29,"column":30}},{"start":{"line":29,"column":33},"end":{"line":29,"column":117}}]},"11":{"line":29,"type":"cond-expr","locations":[{"start":{"line":29,"column":41},"end":{"line":29,"column":78}},{"start":{"line":29,"column":81},"end":{"line":29,"column":117}}]},"12":{"line":30,"type":"cond-expr","locations":[{"start":{"line":30,"column":27},"end":{"line":30,"column":29}},{"start":{"line":30,"column":32},"end":{"line":30,"column":116}}]},"13":{"line":30,"type":"cond-expr","locations":[{"start":{"line":30,"column":40},"end":{"line":30,"column":77}},{"start":{"line":30,"column":80},"end":{"line":30,"column":116}}]},"14":{"line":31,"type":"cond-expr","locations":[{"start":{"line":31,"column":32},"end":{"line":31,"column":34}},{"start":{"line":31,"column":37},"end":{"line":31,"column":121}}]},"15":{"line":31,"type":"cond-expr","locations":[{"start":{"line":31,"column":45},"end":{"line":31,"column":82}},{"start":{"line":31,"column":85},"end":{"line":31,"column":121}}]},"16":{"line":32,"type":"cond-expr","locations":[{"start":{"line":32,"column":26},"end":{"line":32,"column":28}},{"start":{"line":32,"column":31},"end":{"line":32,"column":115}}]},"17":{"line":32,"type":"cond-expr","locations":[{"start":{"line":32,"column":39},"end":{"line":32,"column":76}},{"start":{"line":32,"column":79},"end":{"line":32,"column":115}}]},"18":{"line":41,"type":"cond-expr","locations":[{"start":{"line":41,"column":25},"end":{"line":41,"column":27}},{"start":{"line":41,"column":30},"end":{"line":41,"column":38}}]}},"code":["'use strict';","","Object.defineProperty(exports, '__esModule', {","  value: true","});","","function _interopRequireDefault(obj) { return obj && obj.__esModule ? obj : { 'default': obj }; }","","var _menuFactory = require('../menuFactory');","","var _menuFactory2 = _interopRequireDefault(_menuFactory);","","var styles = {","","  menuWrap: function menuWrap(isOpen) {","    return {","      MozTransform: isOpen ? '' : 'translate3d(0, -100%, 0)',","      MsTransform: isOpen ? '' : 'translate3d(0, -100%, 0)',","      OTransform: isOpen ? '' : 'translate3d(0, -100%, 0)',","      WebkitTransform: isOpen ? '' : 'translate3d(0, -100%, 0)',","      transform: isOpen ? '' : 'translate3d(0, -100%, 0)',","      transition: 'all 0.5s ease-in-out'","    };","  },","","  pageWrap: function pageWrap(isOpen, width, right) {","    return {","      MozTransform: isOpen ? '' : right ? 'translate3d(-' + width + 'px, 0, 0)' : 'translate3d(' + width + 'px, 0, 0)',","      MsTransform: isOpen ? '' : right ? 'translate3d(-' + width + 'px, 0, 0)' : 'translate3d(' + width + 'px, 0, 0)',","      OTransform: isOpen ? '' : right ? 'translate3d(-' + width + 'px, 0, 0)' : 'translate3d(' + width + 'px, 0, 0)',","      WebkitTransform: isOpen ? '' : right ? 'translate3d(-' + width + 'px, 0, 0)' : 'translate3d(' + width + 'px, 0, 0)',","      transform: isOpen ? '' : right ? 'translate3d(-' + width + 'px, 0, 0)' : 'translate3d(' + width + 'px, 0, 0)',","      transition: 'all 0.5s'","    };","  },","","  outerContainer: function outerContainer(isOpen) {","    return {","      perspective: '1500px',","      perspectiveOrigin: '0% 50%',","      overflow: isOpen ? '' : 'hidden'","    };","  }","};","","exports['default'] = (0, _menuFactory2['default'])(styles);","module.exports = exports['default'];"],"l":{"3":1,"7":1,"9":1,"11":1,"13":1,"16":0,"27":0,"38":0,"46":1,"47":1}},"/home/travis/build/npmtest/node-npmtest-react-burger-menu/node_modules/react-burger-menu/gulpfile.js":{"path":"/home/travis/build/npmtest/node-npmtest-react-burger-menu/node_modules/react-burger-menu/gulpfile.js","s":{"1":2,"2":0,"3":0,"4":0,"5":0,"6":0,"7":0,"8":0,"9":0,"10":0,"11":0},"b":{},"f":{},"fnMap":{},"statementMap":{"1":{"start":{"line":1,"column":0},"end":{"line":1,"column":27}},"2":{"start":{"line":2,"column":0},"end":{"line":2,"column":58}},"3":{"start":{"line":3,"column":0},"end":{"line":3,"column":44}},"4":{"start":{"line":4,"column":0},"end":{"line":4,"column":50}},"5":{"start":{"line":16,"column":0},"end":{"line":16,"column":67}},"6":{"start":{"line":18,"column":0},"end":{"line":54,"column":2}},"7":{"start":{"line":56,"column":0},"end":{"line":61,"column":2}},"8":{"start":{"line":63,"column":0},"end":{"line":72,"column":2}},"9":{"start":{"line":74,"column":0},"end":{"line":74,"column":32}},"10":{"start":{"line":75,"column":0},"end":{"line":75,"column":32}},"11":{"start":{"line":76,"column":0},"end":{"line":76,"column":38}}},"branchMap":{},"code":["var gulp = require('gulp');","var initGulpTasks = require('react-component-gulp-tasks');","var initTestTasks = require('./tasks/test');","var initReleaseTasks = require('./tasks/release');","","/**"," * Tasks are added by the react-component-gulp-tasks package"," *"," * See https://github.com/JedWatson/react-component-gulp-tasks"," * for documentation."," *"," * You can also add your own additional gulp tasks if you like."," */","","// Read the package.json to detect the package name","var pkg = JSON.parse(require('fs').readFileSync('./package.json'));","","var taskConfig = {","","  component: {","    name: 'BurgerMenu',","    dependencies: [","      'browserify-optional',","      'classnames',","      'eve',","      'react',","      'react-dom',","      'snapsvg-cjs'","    ],","    lib: 'lib',","    file: 'BurgerMenu.js',","    src: 'src',","    dist: 'dist',","    pkgName: pkg.name","  },","","  example: {","    src: 'example/src',","    dist: 'example/dist',","    files: [","      'index.html',","      '.gitignore',","      'normalize.css',","      'fonts/**/*'","    ],","    scripts: [","      'example.js'","    ],","    less: [","      'example.less'","    ]","  }","","};","","var testConfig = {","  paths: {","    src: 'src/**/*.js',","    test: 'test/*.js'","  }","};","","var releaseConfig = {","  files: [","    'dist',","    'lib',","    'examples',","    'package.json',","    'bower.json'","  ],","  version: pkg.version","};","","initGulpTasks(gulp, taskConfig);","initTestTasks(gulp, testConfig);","initReleaseTasks(gulp, releaseConfig);",""],"l":{"1":2,"2":0,"3":0,"4":0,"16":0,"18":0,"56":0,"63":0,"74":0,"75":0,"76":0}},"/home/travis/build/npmtest/node-npmtest-react-burger-menu/node_modules/react-burger-menu/tasks/release.js":{"path":"/home/travis/build/npmtest/node-npmtest-react-burger-menu/node_modules/react-burger-menu/tasks/release.js","s":{"1":2,"2":0,"3":0,"4":0,"5":0,"6":0,"7":0,"8":0},"b":{"1":[0,0]},"f":{"1":0,"2":0,"3":0,"4":0},"fnMap":{"1":{"name":"(anonymous_1)","line":3,"loc":{"start":{"line":3,"column":17},"end":{"line":3,"column":40}}},"2":{"name":"(anonymous_2)","line":4,"loc":{"start":{"line":4,"column":30},"end":{"line":4,"column":41}}},"3":{"name":"(anonymous_3)","line":10,"loc":{"start":{"line":10,"column":20},"end":{"line":10,"column":31}}},"4":{"name":"(anonymous_4)","line":11,"loc":{"start":{"line":11,"column":33},"end":{"line":11,"column":47}}}},"statementMap":{"1":{"start":{"line":1,"column":0},"end":{"line":1,"column":30}},"2":{"start":{"line":3,"column":0},"end":{"line":15,"column":2}},"3":{"start":{"line":4,"column":2},"end":{"line":8,"column":5}},"4":{"start":{"line":5,"column":4},"end":{"line":7,"column":46}},"5":{"start":{"line":10,"column":2},"end":{"line":14,"column":5}},"6":{"start":{"line":11,"column":4},"end":{"line":13,"column":7}},"7":{"start":{"line":12,"column":6},"end":{"line":12,"column":25}},"8":{"start":{"line":12,"column":15},"end":{"line":12,"column":25}}},"branchMap":{"1":{"line":12,"type":"if","locations":[{"start":{"line":12,"column":6},"end":{"line":12,"column":6}},{"start":{"line":12,"column":6},"end":{"line":12,"column":6}}]}},"code":["var git = require('gulp-git');","","module.exports = function(gulp, config) {","  gulp.task('commit:version', function() {","    return gulp.src(config.files)","      .pipe(git.add())","      .pipe(git.commit('v' + config.version));","  });","","  gulp.task('push', function() {","    git.push('origin', 'master', function(err) {","      if (err) throw err;","    });","  });","};",""],"l":{"1":2,"3":0,"4":0,"5":0,"10":0,"11":0,"12":0}}}